[ 2017-04-01T19:48:28+08:00 ] ::1 /tp3/
INFO: [ app_init ] --START--
INFO: Run Behavior\BuildLiteBehavior [ RunTime:0.000000s ]
INFO: [ app_init ] --END-- [ RunTime:0.011001s ]
INFO: [ app_begin ] --START--
INFO: Run Behavior\ReadHtmlCacheBehavior [ RunTime:0.016001s ]
INFO: [ app_begin ] --END-- [ RunTime:0.016001s ]
SQL: SHOW COLUMNS FROM `zhekt_goods_type` [ RunTime:0.0360s ]
SQL: SELECT * FROM `zhekt_goods_type` WHERE ( parent_id=0 ) ORDER BY sort  [ RunTime:0.0020s ]
INFO: [ view_parse ] --START--
INFO: [ template_filter ] --START--
INFO: Run Behavior\ContentReplaceBehavior [ RunTime:0.000000s ]
INFO: [ template_filter ] --END-- [ RunTime:0.000000s ]
NOTIC: [8] Undefined index: town_name D:\www\tp3\Zhekoutong\Runtime\Cache\Home\5b71618298ba061d2a36637708953764.php 第 47 行.
NOTIC: [8] Undefined index: dist_name D:\www\tp3\Zhekoutong\Runtime\Cache\Home\5b71618298ba061d2a36637708953764.php 第 47 行.
NOTIC: [8] Undefined index: city_name D:\www\tp3\Zhekoutong\Runtime\Cache\Home\5b71618298ba061d2a36637708953764.php 第 47 行.
NOTIC: [8] Undefined index: prov_name D:\www\tp3\Zhekoutong\Runtime\Cache\Home\5b71618298ba061d2a36637708953764.php 第 47 行.
NOTIC: [8] Undefined index: member_id D:\www\tp3\Zhekoutong\Runtime\Cache\Home\5b71618298ba061d2a36637708953764.php 第 161 行.
INFO: Run Behavior\ParseTemplateBehavior [ RunTime:0.216012s ]
INFO: [ view_parse ] --END-- [ RunTime:0.216012s ]
INFO: [ view_filter ] --START--
INFO: Run Behavior\WriteHtmlCacheBehavior [ RunTime:0.012001s ]
INFO: [ view_filter ] --END-- [ RunTime:0.012001s ]
INFO: [ app_end ] --START--
INFO: Run Behavior\ShowPageTraceBehavior [ RunTime:0.032001s ]
INFO: [ app_end ] --END-- [ RunTime:0.032001s ]

[ 2017-04-01T19:48:29+08:00 ] ::1 /tp3/index.php/home/goods/get_recommend_brands
INFO: [ app_init ] --START--
INFO: Run Behavior\BuildLiteBehavior [ RunTime:0.000000s ]
INFO: [ app_init ] --END-- [ RunTime:0.000000s ]
INFO: [ app_begin ] --START--
INFO: Run Behavior\ReadHtmlCacheBehavior [ RunTime:0.001000s ]
INFO: [ app_begin ] --END-- [ RunTime:0.001000s ]
SQL: SHOW COLUMNS FROM `zhekt_goods_type` [ RunTime:0.0130s ]
SQL: SELECT `id` FROM `zhekt_goods_type` WHERE ( parent_id=0 ) ORDER BY sort LIMIT 4   [ RunTime:0.0010s ]
SQL: SHOW COLUMNS FROM `zhekt_brand` [ RunTime:0.0230s ]
SQL: select *from zhekt_brand where brand_type in(select id from zhekt_goods_type where parent_id=1) limit 6 [ RunTime:0.0010s ]
SQL: select *from zhekt_brand where brand_type in(select id from zhekt_goods_type where parent_id=3) limit 6 [ RunTime:0.0000s ]
SQL: select *from zhekt_brand where brand_type in(select id from zhekt_goods_type where parent_id=2) limit 6 [ RunTime:0.0000s ]
SQL: select *from zhekt_brand where brand_type in(select id from zhekt_goods_type where parent_id=4) limit 6 [ RunTime:0.0010s ]

[ 2017-04-01T19:48:30+08:00 ] ::1 /tp3/
INFO: [ app_init ] --START--
INFO: Run Behavior\BuildLiteBehavior [ RunTime:0.000000s ]
INFO: [ app_init ] --END-- [ RunTime:0.001000s ]
INFO: [ app_begin ] --START--
INFO: Run Behavior\ReadHtmlCacheBehavior [ RunTime:0.001000s ]
INFO: [ app_begin ] --END-- [ RunTime:0.001000s ]
SQL: SHOW COLUMNS FROM `zhekt_goods_type` [ RunTime:0.0130s ]
SQL: SELECT * FROM `zhekt_goods_type` WHERE ( parent_id=0 ) ORDER BY sort  [ RunTime:0.0010s ]
INFO: [ view_parse ] --START--
INFO: [ template_filter ] --START--
INFO: Run Behavior\ContentReplaceBehavior [ RunTime:0.000000s ]
INFO: [ template_filter ] --END-- [ RunTime:0.000000s ]
NOTIC: [8] Undefined index: town_name D:\www\tp3\Zhekoutong\Runtime\Cache\Home\5b71618298ba061d2a36637708953764.php 第 47 行.
NOTIC: [8] Undefined index: dist_name D:\www\tp3\Zhekoutong\Runtime\Cache\Home\5b71618298ba061d2a36637708953764.php 第 47 行.
NOTIC: [8] Undefined index: city_name D:\www\tp3\Zhekoutong\Runtime\Cache\Home\5b71618298ba061d2a36637708953764.php 第 47 行.
NOTIC: [8] Undefined index: prov_name D:\www\tp3\Zhekoutong\Runtime\Cache\Home\5b71618298ba061d2a36637708953764.php 第 47 行.
NOTIC: [8] Undefined index: member_id D:\www\tp3\Zhekoutong\Runtime\Cache\Home\5b71618298ba061d2a36637708953764.php 第 161 行.
INFO: Run Behavior\ParseTemplateBehavior [ RunTime:0.089005s ]
INFO: [ view_parse ] --END-- [ RunTime:0.089005s ]
INFO: [ view_filter ] --START--
INFO: Run Behavior\WriteHtmlCacheBehavior [ RunTime:0.001000s ]
INFO: [ view_filter ] --END-- [ RunTime:0.001000s ]
INFO: [ app_end ] --START--
INFO: Run Behavior\ShowPageTraceBehavior [ RunTime:0.001000s ]
INFO: [ app_end ] --END-- [ RunTime:0.001000s ]

[ 2017-04-01T19:48:30+08:00 ] ::1 /tp3/index.php/home/goods/get_recommend_goods
INFO: [ app_init ] --START--
INFO: Run Behavior\BuildLiteBehavior [ RunTime:0.000000s ]
INFO: [ app_init ] --END-- [ RunTime:0.001000s ]
INFO: [ app_begin ] --START--
INFO: Run Behavior\ReadHtmlCacheBehavior [ RunTime:0.001000s ]
INFO: [ app_begin ] --END-- [ RunTime:0.001000s ]
SQL: SHOW COLUMNS FROM `zhekt_goods` [ RunTime:0.0240s ]
SQL: SELECT * FROM `zhekt_goods` WHERE ( recommend>0 ) LIMIT 6   [ RunTime:0.0000s ]

[ 2017-04-01T19:48:30+08:00 ] ::1 /tp3/
INFO: [ app_init ] --START--
INFO: Run Behavior\BuildLiteBehavior [ RunTime:0.000000s ]
INFO: [ app_init ] --END-- [ RunTime:0.000000s ]
INFO: [ app_begin ] --START--
INFO: Run Behavior\ReadHtmlCacheBehavior [ RunTime:0.000000s ]
INFO: [ app_begin ] --END-- [ RunTime:0.000000s ]
SQL: SHOW COLUMNS FROM `zhekt_goods_type` [ RunTime:0.0080s ]
SQL: SELECT * FROM `zhekt_goods_type` WHERE ( parent_id=0 ) ORDER BY sort  [ RunTime:0.0000s ]
INFO: [ view_parse ] --START--
INFO: [ template_filter ] --START--
INFO: Run Behavior\ContentReplaceBehavior [ RunTime:0.000000s ]
INFO: [ template_filter ] --END-- [ RunTime:0.000000s ]
NOTIC: [8] Undefined index: town_name D:\www\tp3\Zhekoutong\Runtime\Cache\Home\5b71618298ba061d2a36637708953764.php 第 47 行.
NOTIC: [8] Undefined index: dist_name D:\www\tp3\Zhekoutong\Runtime\Cache\Home\5b71618298ba061d2a36637708953764.php 第 47 行.
NOTIC: [8] Undefined index: city_name D:\www\tp3\Zhekoutong\Runtime\Cache\Home\5b71618298ba061d2a36637708953764.php 第 47 行.
NOTIC: [8] Undefined index: prov_name D:\www\tp3\Zhekoutong\Runtime\Cache\Home\5b71618298ba061d2a36637708953764.php 第 47 行.
NOTIC: [8] Undefined index: member_id D:\www\tp3\Zhekoutong\Runtime\Cache\Home\5b71618298ba061d2a36637708953764.php 第 161 行.
INFO: Run Behavior\ParseTemplateBehavior [ RunTime:0.048201s ]
INFO: [ view_parse ] --END-- [ RunTime:0.048201s ]
INFO: [ view_filter ] --START--
INFO: Run Behavior\WriteHtmlCacheBehavior [ RunTime:0.000000s ]
INFO: [ view_filter ] --END-- [ RunTime:0.000000s ]
INFO: [ app_end ] --START--
INFO: Run Behavior\ShowPageTraceBehavior [ RunTime:0.000000s ]
INFO: [ app_end ] --END-- [ RunTime:0.000000s ]

[ 2017-04-01T19:49:08+08:00 ] ::1 /tp3/index.php/home/goods/index/brand/2
INFO: [ app_init ] --START--
INFO: Run Behavior\BuildLiteBehavior [ RunTime:0.000000s ]
INFO: [ app_init ] --END-- [ RunTime:0.000000s ]
INFO: [ app_begin ] --START--
INFO: Run Behavior\ReadHtmlCacheBehavior [ RunTime:0.000000s ]
INFO: [ app_begin ] --END-- [ RunTime:0.000000s ]
SQL: SHOW COLUMNS FROM `zhekt_goods` [ RunTime:0.0190s ]
NOTIC: [8] Undefined index: type D:\www\tp3\Zhekoutong\Home\Controller\GoodsController.class.php 第 10 行.
SQL: SELECT * FROM `zhekt_goods` WHERE ( brand='2' )  [ RunTime:0.0000s ]
INFO: [ view_parse ] --START--
INFO: [ template_filter ] --START--
INFO: Run Behavior\ContentReplaceBehavior [ RunTime:0.000000s ]
INFO: [ template_filter ] --END-- [ RunTime:0.000000s ]
NOTIC: [8] Undefined index: member_id D:\www\tp3\Zhekoutong\Runtime\Cache\Home\213da5f4b8a9f9385f64c65bd27053b1.php 第 22 行.
INFO: Run Behavior\ParseTemplateBehavior [ RunTime:0.047003s ]
INFO: [ view_parse ] --END-- [ RunTime:0.047003s ]
INFO: [ view_filter ] --START--
INFO: Run Behavior\WriteHtmlCacheBehavior [ RunTime:0.000000s ]
INFO: [ view_filter ] --END-- [ RunTime:0.000000s ]
INFO: [ app_end ] --START--
INFO: Run Behavior\ShowPageTraceBehavior [ RunTime:0.001000s ]
INFO: [ app_end ] --END-- [ RunTime:0.001000s ]

[ 2017-04-01T19:49:10+08:00 ] ::1 /tp3/
INFO: [ app_init ] --START--
INFO: Run Behavior\BuildLiteBehavior [ RunTime:0.000000s ]
INFO: [ app_init ] --END-- [ RunTime:0.001000s ]
INFO: [ app_begin ] --START--
INFO: Run Behavior\ReadHtmlCacheBehavior [ RunTime:0.000000s ]
INFO: [ app_begin ] --END-- [ RunTime:0.000000s ]
SQL: SHOW COLUMNS FROM `zhekt_goods_type` [ RunTime:0.0130s ]
SQL: SELECT * FROM `zhekt_goods_type` WHERE ( parent_id=0 ) ORDER BY sort  [ RunTime:0.0010s ]
INFO: [ view_parse ] --START--
INFO: [ template_filter ] --START--
INFO: Run Behavior\ContentReplaceBehavior [ RunTime:0.001000s ]
INFO: [ template_filter ] --END-- [ RunTime:0.001000s ]
NOTIC: [8] Undefined index: town_name D:\www\tp3\Zhekoutong\Runtime\Cache\Home\5b71618298ba061d2a36637708953764.php 第 47 行.
NOTIC: [8] Undefined index: dist_name D:\www\tp3\Zhekoutong\Runtime\Cache\Home\5b71618298ba061d2a36637708953764.php 第 47 行.
NOTIC: [8] Undefined index: city_name D:\www\tp3\Zhekoutong\Runtime\Cache\Home\5b71618298ba061d2a36637708953764.php 第 47 行.
NOTIC: [8] Undefined index: prov_name D:\www\tp3\Zhekoutong\Runtime\Cache\Home\5b71618298ba061d2a36637708953764.php 第 47 行.
NOTIC: [8] Undefined index: member_id D:\www\tp3\Zhekoutong\Runtime\Cache\Home\5b71618298ba061d2a36637708953764.php 第 161 行.
INFO: Run Behavior\ParseTemplateBehavior [ RunTime:0.055003s ]
INFO: [ view_parse ] --END-- [ RunTime:0.055003s ]
INFO: [ view_filter ] --START--
INFO: Run Behavior\WriteHtmlCacheBehavior [ RunTime:0.000000s ]
INFO: [ view_filter ] --END-- [ RunTime:0.000000s ]
INFO: [ app_end ] --START--
INFO: Run Behavior\ShowPageTraceBehavior [ RunTime:0.001000s ]
INFO: [ app_end ] --END-- [ RunTime:0.001000s ]

[ 2017-04-01T19:49:10+08:00 ] ::1 /tp3/index.php/home/goods/get_recommend_brands
INFO: [ app_init ] --START--
INFO: Run Behavior\BuildLiteBehavior [ RunTime:0.000000s ]
INFO: [ app_init ] --END-- [ RunTime:0.001000s ]
INFO: [ app_begin ] --START--
INFO: Run Behavior\ReadHtmlCacheBehavior [ RunTime:0.001000s ]
INFO: [ app_begin ] --END-- [ RunTime:0.001000s ]
SQL: SHOW COLUMNS FROM `zhekt_goods_type` [ RunTime:0.0140s ]
SQL: SELECT `id` FROM `zhekt_goods_type` WHERE ( parent_id=0 ) ORDER BY sort LIMIT 4   [ RunTime:0.0000s ]
SQL: SHOW COLUMNS FROM `zhekt_brand` [ RunTime:0.0180s ]
SQL: select *from zhekt_brand where brand_type in(select id from zhekt_goods_type where parent_id=1) limit 6 [ RunTime:0.0010s ]
SQL: select *from zhekt_brand where brand_type in(select id from zhekt_goods_type where parent_id=3) limit 6 [ RunTime:0.0000s ]
SQL: select *from zhekt_brand where brand_type in(select id from zhekt_goods_type where parent_id=2) limit 6 [ RunTime:0.0000s ]
SQL: select *from zhekt_brand where brand_type in(select id from zhekt_goods_type where parent_id=4) limit 6 [ RunTime:0.0010s ]

[ 2017-04-01T19:49:10+08:00 ] ::1 /tp3/index.php/home/goods/get_recommend_goods
INFO: [ app_init ] --START--
INFO: Run Behavior\BuildLiteBehavior [ RunTime:0.000000s ]
INFO: [ app_init ] --END-- [ RunTime:0.000000s ]
INFO: [ app_begin ] --START--
INFO: Run Behavior\ReadHtmlCacheBehavior [ RunTime:0.001000s ]
INFO: [ app_begin ] --END-- [ RunTime:0.001000s ]
SQL: SHOW COLUMNS FROM `zhekt_goods` [ RunTime:0.0220s ]
SQL: SELECT * FROM `zhekt_goods` WHERE ( recommend>0 ) LIMIT 6   [ RunTime:0.0000s ]

[ 2017-04-01T19:49:10+08:00 ] ::1 /tp3/
INFO: [ app_init ] --START--
INFO: Run Behavior\BuildLiteBehavior [ RunTime:0.000000s ]
INFO: [ app_init ] --END-- [ RunTime:0.001000s ]
INFO: [ app_begin ] --START--
INFO: Run Behavior\ReadHtmlCacheBehavior [ RunTime:0.001000s ]
INFO: [ app_begin ] --END-- [ RunTime:0.001000s ]
SQL: SHOW COLUMNS FROM `zhekt_goods_type` [ RunTime:0.0080s ]
SQL: SELECT * FROM `zhekt_goods_type` WHERE ( parent_id=0 ) ORDER BY sort  [ RunTime:0.0000s ]
INFO: [ view_parse ] --START--
INFO: [ template_filter ] --START--
INFO: Run Behavior\ContentReplaceBehavior [ RunTime:0.000000s ]
INFO: [ template_filter ] --END-- [ RunTime:0.000000s ]
NOTIC: [8] Undefined index: town_name D:\www\tp3\Zhekoutong\Runtime\Cache\Home\5b71618298ba061d2a36637708953764.php 第 47 行.
NOTIC: [8] Undefined index: dist_name D:\www\tp3\Zhekoutong\Runtime\Cache\Home\5b71618298ba061d2a36637708953764.php 第 47 行.
NOTIC: [8] Undefined index: city_name D:\www\tp3\Zhekoutong\Runtime\Cache\Home\5b71618298ba061d2a36637708953764.php 第 47 行.
NOTIC: [8] Undefined index: prov_name D:\www\tp3\Zhekoutong\Runtime\Cache\Home\5b71618298ba061d2a36637708953764.php 第 47 行.
NOTIC: [8] Undefined index: member_id D:\www\tp3\Zhekoutong\Runtime\Cache\Home\5b71618298ba061d2a36637708953764.php 第 161 行.
INFO: Run Behavior\ParseTemplateBehavior [ RunTime:0.059003s ]
INFO: [ view_parse ] --END-- [ RunTime:0.059003s ]
INFO: [ view_filter ] --START--
INFO: Run Behavior\WriteHtmlCacheBehavior [ RunTime:0.000000s ]
INFO: [ view_filter ] --END-- [ RunTime:0.000000s ]
INFO: [ app_end ] --START--
INFO: Run Behavior\ShowPageTraceBehavior [ RunTime:0.000000s ]
INFO: [ app_end ] --END-- [ RunTime:0.000000s ]

