[ 2017-05-01T16:53:15+08:00 ] ::1 /discount/
INFO: [ app_init ] --START--
INFO: Run Behavior\BuildLiteBehavior [ RunTime:0.000000s ]
INFO: [ app_init ] --END-- [ RunTime:0.002000s ]
INFO: [ app_begin ] --START--
INFO: Run Behavior\ReadHtmlCacheBehavior [ RunTime:0.000000s ]
INFO: [ app_begin ] --END-- [ RunTime:0.000000s ]
SQL: SHOW COLUMNS FROM `zhekt_goods_type` [ RunTime:0.0280s ]
SQL: SELECT * FROM `zhekt_goods_type` WHERE ( parent_id=0 ) ORDER BY sort  [ RunTime:0.0000s ]
INFO: [ view_parse ] --START--
INFO: [ template_filter ] --START--
INFO: Run Behavior\ContentReplaceBehavior [ RunTime:0.001000s ]
INFO: [ template_filter ] --END-- [ RunTime:0.001000s ]
NOTIC: [8] Undefined index: town_name D:\www\discount\Zhekoutong\Runtime\Cache\Home\5b71618298ba061d2a36637708953764.php 第 47 行.
NOTIC: [8] Undefined index: dist_name D:\www\discount\Zhekoutong\Runtime\Cache\Home\5b71618298ba061d2a36637708953764.php 第 47 行.
NOTIC: [8] Undefined index: city_name D:\www\discount\Zhekoutong\Runtime\Cache\Home\5b71618298ba061d2a36637708953764.php 第 47 行.
NOTIC: [8] Undefined index: prov_name D:\www\discount\Zhekoutong\Runtime\Cache\Home\5b71618298ba061d2a36637708953764.php 第 47 行.
NOTIC: [8] Undefined index: member_id D:\www\discount\Zhekoutong\Runtime\Cache\Home\5b71618298ba061d2a36637708953764.php 第 161 行.
INFO: Run Behavior\ParseTemplateBehavior [ RunTime:0.046002s ]
INFO: [ view_parse ] --END-- [ RunTime:0.046002s ]
INFO: [ view_filter ] --START--
INFO: Run Behavior\WriteHtmlCacheBehavior [ RunTime:0.000000s ]
INFO: [ view_filter ] --END-- [ RunTime:0.000000s ]
INFO: [ app_end ] --START--
INFO: Run Behavior\ShowPageTraceBehavior [ RunTime:0.000000s ]
INFO: [ app_end ] --END-- [ RunTime:0.000000s ]

[ 2017-05-01T16:53:15+08:00 ] ::1 /discount/
INFO: [ app_init ] --START--
INFO: Run Behavior\BuildLiteBehavior [ RunTime:0.000000s ]
INFO: [ app_init ] --END-- [ RunTime:0.000000s ]
INFO: [ app_begin ] --START--
INFO: Run Behavior\ReadHtmlCacheBehavior [ RunTime:0.001000s ]
INFO: [ app_begin ] --END-- [ RunTime:0.001000s ]
SQL: SHOW COLUMNS FROM `zhekt_goods_type` [ RunTime:0.0110s ]
SQL: SELECT * FROM `zhekt_goods_type` WHERE ( parent_id=0 ) ORDER BY sort  [ RunTime:0.0000s ]
INFO: [ view_parse ] --START--
INFO: [ template_filter ] --START--
INFO: Run Behavior\ContentReplaceBehavior [ RunTime:0.000000s ]
INFO: [ template_filter ] --END-- [ RunTime:0.000000s ]
NOTIC: [8] Undefined index: town_name D:\www\discount\Zhekoutong\Runtime\Cache\Home\5b71618298ba061d2a36637708953764.php 第 47 行.
NOTIC: [8] Undefined index: dist_name D:\www\discount\Zhekoutong\Runtime\Cache\Home\5b71618298ba061d2a36637708953764.php 第 47 行.
NOTIC: [8] Undefined index: city_name D:\www\discount\Zhekoutong\Runtime\Cache\Home\5b71618298ba061d2a36637708953764.php 第 47 行.
NOTIC: [8] Undefined index: prov_name D:\www\discount\Zhekoutong\Runtime\Cache\Home\5b71618298ba061d2a36637708953764.php 第 47 行.
NOTIC: [8] Undefined index: member_id D:\www\discount\Zhekoutong\Runtime\Cache\Home\5b71618298ba061d2a36637708953764.php 第 161 行.
INFO: Run Behavior\ParseTemplateBehavior [ RunTime:0.040002s ]
INFO: [ view_parse ] --END-- [ RunTime:0.040002s ]
INFO: [ view_filter ] --START--
INFO: Run Behavior\WriteHtmlCacheBehavior [ RunTime:0.000000s ]
INFO: [ view_filter ] --END-- [ RunTime:0.001000s ]
INFO: [ app_end ] --START--
INFO: Run Behavior\ShowPageTraceBehavior [ RunTime:0.001000s ]
INFO: [ app_end ] --END-- [ RunTime:0.001000s ]

[ 2017-05-01T16:53:15+08:00 ] ::1 /discount/index.php/home/goods/get_recommend_brands
INFO: [ app_init ] --START--
INFO: Run Behavior\BuildLiteBehavior [ RunTime:0.000000s ]
INFO: [ app_init ] --END-- [ RunTime:0.000000s ]
INFO: [ app_begin ] --START--
INFO: Run Behavior\ReadHtmlCacheBehavior [ RunTime:0.000000s ]
INFO: [ app_begin ] --END-- [ RunTime:0.000000s ]
SQL: SHOW COLUMNS FROM `zhekt_goods_type` [ RunTime:0.0110s ]
SQL: SELECT `id` FROM `zhekt_goods_type` WHERE ( parent_id=0 ) ORDER BY sort LIMIT 4   [ RunTime:0.0000s ]
SQL: SHOW COLUMNS FROM `zhekt_brand` [ RunTime:0.0260s ]
SQL: select *from zhekt_brand where brand_type in(select id from zhekt_goods_type where parent_id=1) limit 6 [ RunTime:0.0010s ]
SQL: select *from zhekt_brand where brand_type in(select id from zhekt_goods_type where parent_id=3) limit 6 [ RunTime:0.0000s ]
SQL: select *from zhekt_brand where brand_type in(select id from zhekt_goods_type where parent_id=2) limit 6 [ RunTime:0.0000s ]
SQL: select *from zhekt_brand where brand_type in(select id from zhekt_goods_type where parent_id=4) limit 6 [ RunTime:0.0000s ]

[ 2017-05-01T16:53:15+08:00 ] ::1 /discount/
INFO: [ app_init ] --START--
INFO: Run Behavior\BuildLiteBehavior [ RunTime:0.000000s ]
INFO: [ app_init ] --END-- [ RunTime:0.000000s ]
INFO: [ app_begin ] --START--
INFO: Run Behavior\ReadHtmlCacheBehavior [ RunTime:0.000000s ]
INFO: [ app_begin ] --END-- [ RunTime:0.000000s ]
SQL: SHOW COLUMNS FROM `zhekt_goods_type` [ RunTime:0.0090s ]
SQL: SELECT * FROM `zhekt_goods_type` WHERE ( parent_id=0 ) ORDER BY sort  [ RunTime:0.0000s ]
INFO: [ view_parse ] --START--
INFO: [ template_filter ] --START--
INFO: Run Behavior\ContentReplaceBehavior [ RunTime:0.001000s ]
INFO: [ template_filter ] --END-- [ RunTime:0.001000s ]
NOTIC: [8] Undefined index: town_name D:\www\discount\Zhekoutong\Runtime\Cache\Home\5b71618298ba061d2a36637708953764.php 第 47 行.
NOTIC: [8] Undefined index: dist_name D:\www\discount\Zhekoutong\Runtime\Cache\Home\5b71618298ba061d2a36637708953764.php 第 47 行.
NOTIC: [8] Undefined index: city_name D:\www\discount\Zhekoutong\Runtime\Cache\Home\5b71618298ba061d2a36637708953764.php 第 47 行.
NOTIC: [8] Undefined index: prov_name D:\www\discount\Zhekoutong\Runtime\Cache\Home\5b71618298ba061d2a36637708953764.php 第 47 行.
NOTIC: [8] Undefined index: member_id D:\www\discount\Zhekoutong\Runtime\Cache\Home\5b71618298ba061d2a36637708953764.php 第 161 行.
INFO: Run Behavior\ParseTemplateBehavior [ RunTime:0.033002s ]
INFO: [ view_parse ] --END-- [ RunTime:0.033002s ]
INFO: [ view_filter ] --START--
INFO: Run Behavior\WriteHtmlCacheBehavior [ RunTime:0.001000s ]
INFO: [ view_filter ] --END-- [ RunTime:0.001000s ]
INFO: [ app_end ] --START--
INFO: Run Behavior\ShowPageTraceBehavior [ RunTime:0.000000s ]
INFO: [ app_end ] --END-- [ RunTime:0.000000s ]

[ 2017-05-01T16:53:16+08:00 ] ::1 /discount/index.php/home/goods/get_recommend_goods
INFO: [ app_init ] --START--
INFO: Run Behavior\BuildLiteBehavior [ RunTime:0.000000s ]
INFO: [ app_init ] --END-- [ RunTime:0.001000s ]
INFO: [ app_begin ] --START--
INFO: Run Behavior\ReadHtmlCacheBehavior [ RunTime:0.002000s ]
INFO: [ app_begin ] --END-- [ RunTime:0.002000s ]
SQL: SHOW COLUMNS FROM `zhekt_goods` [ RunTime:0.0340s ]
SQL: SELECT * FROM `zhekt_goods` WHERE ( recommend>0 ) LIMIT 6   [ RunTime:0.0010s ]

[ 2017-05-01T16:53:16+08:00 ] ::1 /discount/
INFO: [ app_init ] --START--
INFO: Run Behavior\BuildLiteBehavior [ RunTime:0.000000s ]
INFO: [ app_init ] --END-- [ RunTime:0.000000s ]
INFO: [ app_begin ] --START--
INFO: Run Behavior\ReadHtmlCacheBehavior [ RunTime:0.001000s ]
INFO: [ app_begin ] --END-- [ RunTime:0.001000s ]
SQL: SHOW COLUMNS FROM `zhekt_goods_type` [ RunTime:0.0120s ]
SQL: SELECT * FROM `zhekt_goods_type` WHERE ( parent_id=0 ) ORDER BY sort  [ RunTime:0.0000s ]
INFO: [ view_parse ] --START--
INFO: [ template_filter ] --START--
INFO: Run Behavior\ContentReplaceBehavior [ RunTime:0.000000s ]
INFO: [ template_filter ] --END-- [ RunTime:0.000000s ]
NOTIC: [8] Undefined index: town_name D:\www\discount\Zhekoutong\Runtime\Cache\Home\5b71618298ba061d2a36637708953764.php 第 47 行.
NOTIC: [8] Undefined index: dist_name D:\www\discount\Zhekoutong\Runtime\Cache\Home\5b71618298ba061d2a36637708953764.php 第 47 行.
NOTIC: [8] Undefined index: city_name D:\www\discount\Zhekoutong\Runtime\Cache\Home\5b71618298ba061d2a36637708953764.php 第 47 行.
NOTIC: [8] Undefined index: prov_name D:\www\discount\Zhekoutong\Runtime\Cache\Home\5b71618298ba061d2a36637708953764.php 第 47 行.
NOTIC: [8] Undefined index: member_id D:\www\discount\Zhekoutong\Runtime\Cache\Home\5b71618298ba061d2a36637708953764.php 第 161 行.
INFO: Run Behavior\ParseTemplateBehavior [ RunTime:0.033002s ]
INFO: [ view_parse ] --END-- [ RunTime:0.033002s ]
INFO: [ view_filter ] --START--
INFO: Run Behavior\WriteHtmlCacheBehavior [ RunTime:0.001000s ]
INFO: [ view_filter ] --END-- [ RunTime:0.001000s ]
INFO: [ app_end ] --START--
INFO: Run Behavior\ShowPageTraceBehavior [ RunTime:0.000000s ]
INFO: [ app_end ] --END-- [ RunTime:0.001000s ]

[ 2017-05-01T16:53:17+08:00 ] ::1 /discount/index.php/home/goods/index/type1/1
INFO: [ app_init ] --START--
INFO: Run Behavior\BuildLiteBehavior [ RunTime:0.000000s ]
INFO: [ app_init ] --END-- [ RunTime:0.000000s ]
INFO: [ app_begin ] --START--
INFO: Run Behavior\ReadHtmlCacheBehavior [ RunTime:0.000000s ]
INFO: [ app_begin ] --END-- [ RunTime:0.001000s ]
SQL: SHOW COLUMNS FROM `zhekt_goods` [ RunTime:0.0180s ]
NOTIC: [8] Undefined index: type D:\www\discount\Zhekoutong\Home\Controller\GoodsController.class.php 第 10 行.
NOTIC: [8] Undefined index: brand D:\www\discount\Zhekoutong\Home\Controller\GoodsController.class.php 第 11 行.
NOTIC: [8] Undefined index: member D:\www\discount\Zhekoutong\Home\Controller\GoodsController.class.php 第 16 行.
SQL: SELECT * FROM `zhekt_goods` WHERE ( type1='1' )  [ RunTime:0.0000s ]
INFO: [ view_parse ] --START--
INFO: [ template_filter ] --START--
INFO: Run Behavior\ContentReplaceBehavior [ RunTime:0.000000s ]
INFO: [ template_filter ] --END-- [ RunTime:0.000000s ]
NOTIC: [8] Undefined index: member_id D:\www\discount\Zhekoutong\Runtime\Cache\Home\213da5f4b8a9f9385f64c65bd27053b1.php 第 22 行.
INFO: Run Behavior\ParseTemplateBehavior [ RunTime:0.018001s ]
INFO: [ view_parse ] --END-- [ RunTime:0.018001s ]
INFO: [ view_filter ] --START--
INFO: Run Behavior\WriteHtmlCacheBehavior [ RunTime:0.000000s ]
INFO: [ view_filter ] --END-- [ RunTime:0.000000s ]
INFO: [ app_end ] --START--
INFO: Run Behavior\ShowPageTraceBehavior [ RunTime:0.000000s ]
INFO: [ app_end ] --END-- [ RunTime:0.000000s ]

[ 2017-05-01T16:53:19+08:00 ] ::1 /discount/index.php/home/member
INFO: [ app_init ] --START--
INFO: Run Behavior\BuildLiteBehavior [ RunTime:0.000000s ]
INFO: [ app_init ] --END-- [ RunTime:0.000000s ]
INFO: [ app_begin ] --START--
INFO: Run Behavior\ReadHtmlCacheBehavior [ RunTime:0.000000s ]
INFO: [ app_begin ] --END-- [ RunTime:0.000000s ]
INFO: [ view_parse ] --START--
INFO: [ template_filter ] --START--
INFO: Run Behavior\ContentReplaceBehavior [ RunTime:0.000000s ]
INFO: [ template_filter ] --END-- [ RunTime:0.000000s ]
NOTIC: [8] Undefined variable: error D:\www\discount\Zhekoutong\Runtime\Cache\Home\2b09c03a47371b5f78278ff61ae9f5b5.php 第 40 行.
NOTIC: [8] Undefined variable: error D:\www\discount\Zhekoutong\Runtime\Cache\Home\2b09c03a47371b5f78278ff61ae9f5b5.php 第 53 行.
INFO: Run Behavior\ParseTemplateBehavior [ RunTime:0.007000s ]
INFO: [ view_parse ] --END-- [ RunTime:0.007000s ]
INFO: [ view_filter ] --START--
INFO: Run Behavior\WriteHtmlCacheBehavior [ RunTime:0.000000s ]
INFO: [ view_filter ] --END-- [ RunTime:0.000000s ]
INFO: [ app_end ] --START--
INFO: Run Behavior\ShowPageTraceBehavior [ RunTime:0.000000s ]
INFO: [ app_end ] --END-- [ RunTime:0.001000s ]

[ 2017-05-01T16:53:20+08:00 ] ::1 /discount/index.php/home/member/login
INFO: [ app_init ] --START--
INFO: Run Behavior\BuildLiteBehavior [ RunTime:0.000000s ]
INFO: [ app_init ] --END-- [ RunTime:0.001000s ]
INFO: [ app_begin ] --START--
INFO: Run Behavior\ReadHtmlCacheBehavior [ RunTime:0.001000s ]
INFO: [ app_begin ] --END-- [ RunTime:0.001000s ]
INFO: [ view_parse ] --START--
INFO: [ template_filter ] --START--
INFO: Run Behavior\ContentReplaceBehavior [ RunTime:0.000000s ]
INFO: [ template_filter ] --END-- [ RunTime:0.000000s ]
INFO: Run Behavior\ParseTemplateBehavior [ RunTime:0.020002s ]
INFO: [ view_parse ] --END-- [ RunTime:0.020002s ]
INFO: [ view_filter ] --START--
INFO: Run Behavior\WriteHtmlCacheBehavior [ RunTime:0.000000s ]
INFO: [ view_filter ] --END-- [ RunTime:0.000000s ]
INFO: [ app_end ] --START--
INFO: Run Behavior\ShowPageTraceBehavior [ RunTime:0.000000s ]
INFO: [ app_end ] --END-- [ RunTime:0.001000s ]

[ 2017-05-01T16:53:22+08:00 ] ::1 /discount/index.php/home/shop
INFO: [ app_init ] --START--
INFO: Run Behavior\BuildLiteBehavior [ RunTime:0.000000s ]
INFO: [ app_init ] --END-- [ RunTime:0.000000s ]
INFO: [ app_begin ] --START--
INFO: Run Behavior\ReadHtmlCacheBehavior [ RunTime:0.000000s ]
INFO: [ app_begin ] --END-- [ RunTime:0.000000s ]
SQL: SHOW COLUMNS FROM `zhekt_shop` [ RunTime:0.0290s ]
SQL: SELECT * FROM `zhekt_shop` WHERE ( status=1 )  [ RunTime:0.0010s ]
INFO: [ view_parse ] --START--
INFO: [ template_filter ] --START--
INFO: Run Behavior\ContentReplaceBehavior [ RunTime:0.000000s ]
INFO: [ template_filter ] --END-- [ RunTime:0.000000s ]
INFO: Run Behavior\ParseTemplateBehavior [ RunTime:0.031001s ]
INFO: [ view_parse ] --END-- [ RunTime:0.031001s ]
INFO: [ view_filter ] --START--
INFO: Run Behavior\WriteHtmlCacheBehavior [ RunTime:0.000000s ]
INFO: [ view_filter ] --END-- [ RunTime:0.000000s ]
INFO: [ app_end ] --START--
INFO: Run Behavior\ShowPageTraceBehavior [ RunTime:0.000000s ]
INFO: [ app_end ] --END-- [ RunTime:0.000000s ]

[ 2017-05-01T16:53:23+08:00 ] ::1 /discount/index.php/home/goods/category
INFO: [ app_init ] --START--
INFO: Run Behavior\BuildLiteBehavior [ RunTime:0.000000s ]
INFO: [ app_init ] --END-- [ RunTime:0.000000s ]
INFO: [ app_begin ] --START--
INFO: Run Behavior\ReadHtmlCacheBehavior [ RunTime:0.000000s ]
INFO: [ app_begin ] --END-- [ RunTime:0.000000s ]
SQL: SHOW COLUMNS FROM `zhekt_goods_type` [ RunTime:0.0200s ]
NOTIC: [8] Undefined index: parent D:\www\discount\Zhekoutong\Home\Controller\GoodsController.class.php 第 141 行.
SQL: SELECT * FROM `zhekt_goods_type` WHERE ( parent_id='0' ) ORDER BY type_name  [ RunTime:0.0000s ]
INFO: [ view_parse ] --START--
INFO: [ template_filter ] --START--
INFO: Run Behavior\ContentReplaceBehavior [ RunTime:0.000000s ]
INFO: [ template_filter ] --END-- [ RunTime:0.000000s ]
INFO: Run Behavior\ParseTemplateBehavior [ RunTime:0.029001s ]
INFO: [ view_parse ] --END-- [ RunTime:0.029001s ]
INFO: [ view_filter ] --START--
INFO: Run Behavior\WriteHtmlCacheBehavior [ RunTime:0.001000s ]
INFO: [ view_filter ] --END-- [ RunTime:0.001000s ]
INFO: [ app_end ] --START--
INFO: Run Behavior\ShowPageTraceBehavior [ RunTime:0.000000s ]
INFO: [ app_end ] --END-- [ RunTime:0.000000s ]

[ 2017-05-01T16:53:24+08:00 ] ::1 /discount/index.php/Home/Goods/category
INFO: [ app_init ] --START--
INFO: Run Behavior\BuildLiteBehavior [ RunTime:0.000000s ]
INFO: [ app_init ] --END-- [ RunTime:0.000000s ]
INFO: [ app_begin ] --START--
INFO: Run Behavior\ReadHtmlCacheBehavior [ RunTime:0.000000s ]
INFO: [ app_begin ] --END-- [ RunTime:0.000000s ]
SQL: SHOW COLUMNS FROM `zhekt_goods_type` [ RunTime:0.0140s ]
SQL: SELECT * FROM `zhekt_goods_type` WHERE ( parent_id='1' ) ORDER BY type_name  [ RunTime:0.0010s ]

[ 2017-05-01T16:53:25+08:00 ] ::1 /discount/index.php/home/goods/index/type/7
INFO: [ app_init ] --START--
INFO: Run Behavior\BuildLiteBehavior [ RunTime:0.000000s ]
INFO: [ app_init ] --END-- [ RunTime:0.000000s ]
INFO: [ app_begin ] --START--
INFO: Run Behavior\ReadHtmlCacheBehavior [ RunTime:0.001000s ]
INFO: [ app_begin ] --END-- [ RunTime:0.001000s ]
SQL: SHOW COLUMNS FROM `zhekt_goods` [ RunTime:0.0160s ]
NOTIC: [8] Undefined index: brand D:\www\discount\Zhekoutong\Home\Controller\GoodsController.class.php 第 11 行.
NOTIC: [8] Undefined index: member D:\www\discount\Zhekoutong\Home\Controller\GoodsController.class.php 第 16 行.
NOTIC: [8] Undefined index: type1 D:\www\discount\Zhekoutong\Home\Controller\GoodsController.class.php 第 20 行.
SQL: SELECT * FROM `zhekt_goods` WHERE ( type2='7' )  [ RunTime:0.0010s ]
INFO: [ view_parse ] --START--
INFO: [ template_filter ] --START--
INFO: Run Behavior\ContentReplaceBehavior [ RunTime:0.000000s ]
INFO: [ template_filter ] --END-- [ RunTime:0.000000s ]
NOTIC: [8] Undefined index: member_id D:\www\discount\Zhekoutong\Runtime\Cache\Home\213da5f4b8a9f9385f64c65bd27053b1.php 第 22 行.
INFO: Run Behavior\ParseTemplateBehavior [ RunTime:0.006000s ]
INFO: [ view_parse ] --END-- [ RunTime:0.006000s ]
INFO: [ view_filter ] --START--
INFO: Run Behavior\WriteHtmlCacheBehavior [ RunTime:0.000000s ]
INFO: [ view_filter ] --END-- [ RunTime:0.000000s ]
INFO: [ app_end ] --START--
INFO: Run Behavior\ShowPageTraceBehavior [ RunTime:0.000000s ]
INFO: [ app_end ] --END-- [ RunTime:0.000000s ]

[ 2017-05-01T16:53:27+08:00 ] ::1 /discount/index.php
INFO: [ app_init ] --START--
INFO: Run Behavior\BuildLiteBehavior [ RunTime:0.000000s ]
INFO: [ app_init ] --END-- [ RunTime:0.000000s ]
INFO: [ app_begin ] --START--
INFO: Run Behavior\ReadHtmlCacheBehavior [ RunTime:0.001000s ]
INFO: [ app_begin ] --END-- [ RunTime:0.001000s ]
SQL: SHOW COLUMNS FROM `zhekt_goods_type` [ RunTime:0.0150s ]
SQL: SELECT * FROM `zhekt_goods_type` WHERE ( parent_id=0 ) ORDER BY sort  [ RunTime:0.0000s ]
INFO: [ view_parse ] --START--
INFO: [ template_filter ] --START--
INFO: Run Behavior\ContentReplaceBehavior [ RunTime:0.000000s ]
INFO: [ template_filter ] --END-- [ RunTime:0.000000s ]
NOTIC: [8] Undefined index: town_name D:\www\discount\Zhekoutong\Runtime\Cache\Home\5b71618298ba061d2a36637708953764.php 第 47 行.
NOTIC: [8] Undefined index: dist_name D:\www\discount\Zhekoutong\Runtime\Cache\Home\5b71618298ba061d2a36637708953764.php 第 47 行.
NOTIC: [8] Undefined index: city_name D:\www\discount\Zhekoutong\Runtime\Cache\Home\5b71618298ba061d2a36637708953764.php 第 47 行.
NOTIC: [8] Undefined index: prov_name D:\www\discount\Zhekoutong\Runtime\Cache\Home\5b71618298ba061d2a36637708953764.php 第 47 行.
NOTIC: [8] Undefined index: member_id D:\www\discount\Zhekoutong\Runtime\Cache\Home\5b71618298ba061d2a36637708953764.php 第 161 行.
INFO: Run Behavior\ParseTemplateBehavior [ RunTime:0.034002s ]
INFO: [ view_parse ] --END-- [ RunTime:0.034002s ]
INFO: [ view_filter ] --START--
INFO: Run Behavior\WriteHtmlCacheBehavior [ RunTime:0.001000s ]
INFO: [ view_filter ] --END-- [ RunTime:0.001000s ]
INFO: [ app_end ] --START--
INFO: Run Behavior\ShowPageTraceBehavior [ RunTime:0.000000s ]
INFO: [ app_end ] --END-- [ RunTime:0.000000s ]

[ 2017-05-01T16:53:27+08:00 ] ::1 /discount/index.php
INFO: [ app_init ] --START--
INFO: Run Behavior\BuildLiteBehavior [ RunTime:0.000000s ]
INFO: [ app_init ] --END-- [ RunTime:0.000000s ]
INFO: [ app_begin ] --START--
INFO: Run Behavior\ReadHtmlCacheBehavior [ RunTime:0.001000s ]
INFO: [ app_begin ] --END-- [ RunTime:0.001000s ]
SQL: SHOW COLUMNS FROM `zhekt_goods_type` [ RunTime:0.0150s ]
SQL: SELECT * FROM `zhekt_goods_type` WHERE ( parent_id=0 ) ORDER BY sort  [ RunTime:0.0000s ]
INFO: [ view_parse ] --START--
INFO: [ template_filter ] --START--
INFO: Run Behavior\ContentReplaceBehavior [ RunTime:0.001000s ]
INFO: [ template_filter ] --END-- [ RunTime:0.001000s ]
NOTIC: [8] Undefined index: town_name D:\www\discount\Zhekoutong\Runtime\Cache\Home\5b71618298ba061d2a36637708953764.php 第 47 行.
NOTIC: [8] Undefined index: dist_name D:\www\discount\Zhekoutong\Runtime\Cache\Home\5b71618298ba061d2a36637708953764.php 第 47 行.
NOTIC: [8] Undefined index: city_name D:\www\discount\Zhekoutong\Runtime\Cache\Home\5b71618298ba061d2a36637708953764.php 第 47 行.
NOTIC: [8] Undefined index: prov_name D:\www\discount\Zhekoutong\Runtime\Cache\Home\5b71618298ba061d2a36637708953764.php 第 47 行.
NOTIC: [8] Undefined index: member_id D:\www\discount\Zhekoutong\Runtime\Cache\Home\5b71618298ba061d2a36637708953764.php 第 161 行.
INFO: Run Behavior\ParseTemplateBehavior [ RunTime:0.046003s ]
INFO: [ view_parse ] --END-- [ RunTime:0.046003s ]
INFO: [ view_filter ] --START--
INFO: Run Behavior\WriteHtmlCacheBehavior [ RunTime:0.000000s ]
INFO: [ view_filter ] --END-- [ RunTime:0.000000s ]
INFO: [ app_end ] --START--
INFO: Run Behavior\ShowPageTraceBehavior [ RunTime:0.003000s ]
INFO: [ app_end ] --END-- [ RunTime:0.003000s ]

[ 2017-05-01T16:53:28+08:00 ] ::1 /discount/index.php/home/goods/get_recommend_brands
INFO: [ app_init ] --START--
INFO: Run Behavior\BuildLiteBehavior [ RunTime:0.000000s ]
INFO: [ app_init ] --END-- [ RunTime:0.000000s ]
INFO: [ app_begin ] --START--
INFO: Run Behavior\ReadHtmlCacheBehavior [ RunTime:0.000000s ]
INFO: [ app_begin ] --END-- [ RunTime:0.000000s ]
SQL: SHOW COLUMNS FROM `zhekt_goods_type` [ RunTime:0.0160s ]
SQL: SELECT `id` FROM `zhekt_goods_type` WHERE ( parent_id=0 ) ORDER BY sort LIMIT 4   [ RunTime:0.0000s ]
SQL: SHOW COLUMNS FROM `zhekt_brand` [ RunTime:0.0140s ]
SQL: select *from zhekt_brand where brand_type in(select id from zhekt_goods_type where parent_id=1) limit 6 [ RunTime:0.0010s ]
SQL: select *from zhekt_brand where brand_type in(select id from zhekt_goods_type where parent_id=3) limit 6 [ RunTime:0.0000s ]
SQL: select *from zhekt_brand where brand_type in(select id from zhekt_goods_type where parent_id=2) limit 6 [ RunTime:0.0000s ]
SQL: select *from zhekt_brand where brand_type in(select id from zhekt_goods_type where parent_id=4) limit 6 [ RunTime:0.0000s ]

[ 2017-05-01T16:53:28+08:00 ] ::1 /discount/index.php/home/goods/get_recommend_goods
INFO: [ app_init ] --START--
INFO: Run Behavior\BuildLiteBehavior [ RunTime:0.000000s ]
INFO: [ app_init ] --END-- [ RunTime:0.000000s ]
INFO: [ app_begin ] --START--
INFO: Run Behavior\ReadHtmlCacheBehavior [ RunTime:0.000000s ]
INFO: [ app_begin ] --END-- [ RunTime:0.001000s ]
SQL: SHOW COLUMNS FROM `zhekt_goods` [ RunTime:0.0200s ]
SQL: SELECT * FROM `zhekt_goods` WHERE ( recommend>0 ) LIMIT 6   [ RunTime:0.0000s ]

[ 2017-05-01T16:53:28+08:00 ] ::1 /discount/index.php
INFO: [ app_init ] --START--
INFO: Run Behavior\BuildLiteBehavior [ RunTime:0.000000s ]
INFO: [ app_init ] --END-- [ RunTime:0.000000s ]
INFO: [ app_begin ] --START--
INFO: Run Behavior\ReadHtmlCacheBehavior [ RunTime:0.000000s ]
INFO: [ app_begin ] --END-- [ RunTime:0.000000s ]
SQL: SHOW COLUMNS FROM `zhekt_goods_type` [ RunTime:0.0110s ]
SQL: SELECT * FROM `zhekt_goods_type` WHERE ( parent_id=0 ) ORDER BY sort  [ RunTime:0.0000s ]
INFO: [ view_parse ] --START--
INFO: [ template_filter ] --START--
INFO: Run Behavior\ContentReplaceBehavior [ RunTime:0.000000s ]
INFO: [ template_filter ] --END-- [ RunTime:0.000000s ]
NOTIC: [8] Undefined index: town_name D:\www\discount\Zhekoutong\Runtime\Cache\Home\5b71618298ba061d2a36637708953764.php 第 47 行.
NOTIC: [8] Undefined index: dist_name D:\www\discount\Zhekoutong\Runtime\Cache\Home\5b71618298ba061d2a36637708953764.php 第 47 行.
NOTIC: [8] Undefined index: city_name D:\www\discount\Zhekoutong\Runtime\Cache\Home\5b71618298ba061d2a36637708953764.php 第 47 行.
NOTIC: [8] Undefined index: prov_name D:\www\discount\Zhekoutong\Runtime\Cache\Home\5b71618298ba061d2a36637708953764.php 第 47 行.
NOTIC: [8] Undefined index: member_id D:\www\discount\Zhekoutong\Runtime\Cache\Home\5b71618298ba061d2a36637708953764.php 第 161 行.
INFO: Run Behavior\ParseTemplateBehavior [ RunTime:0.037002s ]
INFO: [ view_parse ] --END-- [ RunTime:0.037002s ]
INFO: [ view_filter ] --START--
INFO: Run Behavior\WriteHtmlCacheBehavior [ RunTime:0.001000s ]
INFO: [ view_filter ] --END-- [ RunTime:0.001000s ]
INFO: [ app_end ] --START--
INFO: Run Behavior\ShowPageTraceBehavior [ RunTime:0.000000s ]
INFO: [ app_end ] --END-- [ RunTime:0.000000s ]

[ 2017-05-01T17:26:57+08:00 ] ::1 /discountinfo/index.php
INFO: [ app_init ] --START--
INFO: Run Behavior\BuildLiteBehavior [ RunTime:0.000000s ]
INFO: [ app_init ] --END-- [ RunTime:0.000000s ]
INFO: [ app_begin ] --START--
INFO: Run Behavior\ReadHtmlCacheBehavior [ RunTime:0.000000s ]
INFO: [ app_begin ] --END-- [ RunTime:0.000000s ]
SQL: SHOW COLUMNS FROM `zhekt_goods_type` [ RunTime:0.0150s ]
SQL: SELECT * FROM `zhekt_goods_type` WHERE ( parent_id=0 ) ORDER BY sort  [ RunTime:0.0000s ]
INFO: [ view_parse ] --START--
INFO: [ template_filter ] --START--
INFO: Run Behavior\ContentReplaceBehavior [ RunTime:0.000000s ]
INFO: [ template_filter ] --END-- [ RunTime:0.000000s ]
NOTIC: [8] Undefined index: town_name D:\www\discountInfo\Zhekoutong\Runtime\Cache\Home\5b71618298ba061d2a36637708953764.php 第 47 行.
NOTIC: [8] Undefined index: dist_name D:\www\discountInfo\Zhekoutong\Runtime\Cache\Home\5b71618298ba061d2a36637708953764.php 第 47 行.
NOTIC: [8] Undefined index: city_name D:\www\discountInfo\Zhekoutong\Runtime\Cache\Home\5b71618298ba061d2a36637708953764.php 第 47 行.
NOTIC: [8] Undefined index: prov_name D:\www\discountInfo\Zhekoutong\Runtime\Cache\Home\5b71618298ba061d2a36637708953764.php 第 47 行.
NOTIC: [8] Undefined index: member_id D:\www\discountInfo\Zhekoutong\Runtime\Cache\Home\5b71618298ba061d2a36637708953764.php 第 161 行.
INFO: Run Behavior\ParseTemplateBehavior [ RunTime:0.042002s ]
INFO: [ view_parse ] --END-- [ RunTime:0.042002s ]
INFO: [ view_filter ] --START--
INFO: Run Behavior\WriteHtmlCacheBehavior [ RunTime:0.000000s ]
INFO: [ view_filter ] --END-- [ RunTime:0.000000s ]
INFO: [ app_end ] --START--
INFO: Run Behavior\ShowPageTraceBehavior [ RunTime:0.002000s ]
INFO: [ app_end ] --END-- [ RunTime:0.002000s ]

[ 2017-05-01T17:26:57+08:00 ] ::1 /discountinfo/index.php
INFO: [ app_init ] --START--
INFO: Run Behavior\BuildLiteBehavior [ RunTime:0.000000s ]
INFO: [ app_init ] --END-- [ RunTime:0.000000s ]
INFO: [ app_begin ] --START--
INFO: Run Behavior\ReadHtmlCacheBehavior [ RunTime:0.001000s ]
INFO: [ app_begin ] --END-- [ RunTime:0.001000s ]
SQL: SHOW COLUMNS FROM `zhekt_goods_type` [ RunTime:0.0190s ]
SQL: SELECT * FROM `zhekt_goods_type` WHERE ( parent_id=0 ) ORDER BY sort  [ RunTime:0.0000s ]
INFO: [ view_parse ] --START--
INFO: [ template_filter ] --START--
INFO: Run Behavior\ContentReplaceBehavior [ RunTime:0.000000s ]
INFO: [ template_filter ] --END-- [ RunTime:0.000000s ]
NOTIC: [8] Undefined index: town_name D:\www\discountInfo\Zhekoutong\Runtime\Cache\Home\5b71618298ba061d2a36637708953764.php 第 47 行.
NOTIC: [8] Undefined index: dist_name D:\www\discountInfo\Zhekoutong\Runtime\Cache\Home\5b71618298ba061d2a36637708953764.php 第 47 行.
NOTIC: [8] Undefined index: city_name D:\www\discountInfo\Zhekoutong\Runtime\Cache\Home\5b71618298ba061d2a36637708953764.php 第 47 行.
NOTIC: [8] Undefined index: prov_name D:\www\discountInfo\Zhekoutong\Runtime\Cache\Home\5b71618298ba061d2a36637708953764.php 第 47 行.
NOTIC: [8] Undefined index: member_id D:\www\discountInfo\Zhekoutong\Runtime\Cache\Home\5b71618298ba061d2a36637708953764.php 第 161 行.
INFO: Run Behavior\ParseTemplateBehavior [ RunTime:0.035002s ]
INFO: [ view_parse ] --END-- [ RunTime:0.035002s ]
INFO: [ view_filter ] --START--
INFO: Run Behavior\WriteHtmlCacheBehavior [ RunTime:0.000000s ]
INFO: [ view_filter ] --END-- [ RunTime:0.000000s ]
INFO: [ app_end ] --START--
INFO: Run Behavior\ShowPageTraceBehavior [ RunTime:0.001000s ]
INFO: [ app_end ] --END-- [ RunTime:0.001000s ]

[ 2017-05-01T17:26:58+08:00 ] ::1 /discountinfo/index.php/home/goods/get_recommend_brands
INFO: [ app_init ] --START--
INFO: Run Behavior\BuildLiteBehavior [ RunTime:0.000000s ]
INFO: [ app_init ] --END-- [ RunTime:0.000000s ]
INFO: [ app_begin ] --START--
INFO: Run Behavior\ReadHtmlCacheBehavior [ RunTime:0.000000s ]
INFO: [ app_begin ] --END-- [ RunTime:0.000000s ]
SQL: SHOW COLUMNS FROM `zhekt_goods_type` [ RunTime:0.0210s ]
SQL: SELECT `id` FROM `zhekt_goods_type` WHERE ( parent_id=0 ) ORDER BY sort LIMIT 4   [ RunTime:0.0010s ]
SQL: SHOW COLUMNS FROM `zhekt_brand` [ RunTime:0.0170s ]
SQL: select *from zhekt_brand where brand_type in(select id from zhekt_goods_type where parent_id=1) limit 6 [ RunTime:0.0010s ]
SQL: select *from zhekt_brand where brand_type in(select id from zhekt_goods_type where parent_id=3) limit 6 [ RunTime:0.0000s ]
SQL: select *from zhekt_brand where brand_type in(select id from zhekt_goods_type where parent_id=2) limit 6 [ RunTime:0.0010s ]
SQL: select *from zhekt_brand where brand_type in(select id from zhekt_goods_type where parent_id=4) limit 6 [ RunTime:0.0000s ]

[ 2017-05-01T17:26:58+08:00 ] ::1 /discountinfo/index.php/home/goods/get_recommend_goods
INFO: [ app_init ] --START--
INFO: Run Behavior\BuildLiteBehavior [ RunTime:0.000000s ]
INFO: [ app_init ] --END-- [ RunTime:0.000000s ]
INFO: [ app_begin ] --START--
INFO: Run Behavior\ReadHtmlCacheBehavior [ RunTime:0.000000s ]
INFO: [ app_begin ] --END-- [ RunTime:0.000000s ]
SQL: SHOW COLUMNS FROM `zhekt_goods` [ RunTime:0.0322s ]
SQL: SELECT * FROM `zhekt_goods` WHERE ( recommend>0 ) LIMIT 6   [ RunTime:0.0000s ]

[ 2017-05-01T17:26:58+08:00 ] ::1 /discountinfo/index.php
INFO: [ app_init ] --START--
INFO: Run Behavior\BuildLiteBehavior [ RunTime:0.000000s ]
INFO: [ app_init ] --END-- [ RunTime:0.000000s ]
INFO: [ app_begin ] --START--
INFO: Run Behavior\ReadHtmlCacheBehavior [ RunTime:0.000000s ]
INFO: [ app_begin ] --END-- [ RunTime:0.000000s ]
SQL: SHOW COLUMNS FROM `zhekt_goods_type` [ RunTime:0.0120s ]
SQL: SELECT * FROM `zhekt_goods_type` WHERE ( parent_id=0 ) ORDER BY sort  [ RunTime:0.0010s ]
INFO: [ view_parse ] --START--
INFO: [ template_filter ] --START--
INFO: Run Behavior\ContentReplaceBehavior [ RunTime:0.000000s ]
INFO: [ template_filter ] --END-- [ RunTime:0.000000s ]
NOTIC: [8] Undefined index: town_name D:\www\discountInfo\Zhekoutong\Runtime\Cache\Home\5b71618298ba061d2a36637708953764.php 第 47 行.
NOTIC: [8] Undefined index: dist_name D:\www\discountInfo\Zhekoutong\Runtime\Cache\Home\5b71618298ba061d2a36637708953764.php 第 47 行.
NOTIC: [8] Undefined index: city_name D:\www\discountInfo\Zhekoutong\Runtime\Cache\Home\5b71618298ba061d2a36637708953764.php 第 47 行.
NOTIC: [8] Undefined index: prov_name D:\www\discountInfo\Zhekoutong\Runtime\Cache\Home\5b71618298ba061d2a36637708953764.php 第 47 行.
NOTIC: [8] Undefined index: member_id D:\www\discountInfo\Zhekoutong\Runtime\Cache\Home\5b71618298ba061d2a36637708953764.php 第 161 行.
INFO: Run Behavior\ParseTemplateBehavior [ RunTime:0.034002s ]
INFO: [ view_parse ] --END-- [ RunTime:0.034002s ]
INFO: [ view_filter ] --START--
INFO: Run Behavior\WriteHtmlCacheBehavior [ RunTime:0.000000s ]
INFO: [ view_filter ] --END-- [ RunTime:0.000000s ]
INFO: [ app_end ] --START--
INFO: Run Behavior\ShowPageTraceBehavior [ RunTime:0.001000s ]
INFO: [ app_end ] --END-- [ RunTime:0.001000s ]

[ 2017-05-01T17:27:03+08:00 ] ::1 /discountinfo/index.php/home/goods/index/type1/3
INFO: [ app_init ] --START--
INFO: Run Behavior\BuildLiteBehavior [ RunTime:0.000000s ]
INFO: [ app_init ] --END-- [ RunTime:0.001000s ]
INFO: [ app_begin ] --START--
INFO: Run Behavior\ReadHtmlCacheBehavior [ RunTime:0.001000s ]
INFO: [ app_begin ] --END-- [ RunTime:0.001000s ]
SQL: SHOW COLUMNS FROM `zhekt_goods` [ RunTime:0.0160s ]
NOTIC: [8] Undefined index: type D:\www\discountInfo\Zhekoutong\Home\Controller\GoodsController.class.php 第 10 行.
NOTIC: [8] Undefined index: brand D:\www\discountInfo\Zhekoutong\Home\Controller\GoodsController.class.php 第 11 行.
NOTIC: [8] Undefined index: member D:\www\discountInfo\Zhekoutong\Home\Controller\GoodsController.class.php 第 16 行.
SQL: SELECT * FROM `zhekt_goods` WHERE ( type1='3' )  [ RunTime:0.0010s ]
INFO: [ view_parse ] --START--
INFO: [ template_filter ] --START--
INFO: Run Behavior\ContentReplaceBehavior [ RunTime:0.000000s ]
INFO: [ template_filter ] --END-- [ RunTime:0.000000s ]
NOTIC: [8] Undefined index: member_id D:\www\discountInfo\Zhekoutong\Runtime\Cache\Home\213da5f4b8a9f9385f64c65bd27053b1.php 第 22 行.
INFO: Run Behavior\ParseTemplateBehavior [ RunTime:0.017001s ]
INFO: [ view_parse ] --END-- [ RunTime:0.017001s ]
INFO: [ view_filter ] --START--
INFO: Run Behavior\WriteHtmlCacheBehavior [ RunTime:0.000000s ]
INFO: [ view_filter ] --END-- [ RunTime:0.000000s ]
INFO: [ app_end ] --START--
INFO: Run Behavior\ShowPageTraceBehavior [ RunTime:0.001000s ]
INFO: [ app_end ] --END-- [ RunTime:0.001000s ]

[ 2017-05-01T17:27:05+08:00 ] ::1 /discountinfo/index.php
INFO: [ app_init ] --START--
INFO: Run Behavior\BuildLiteBehavior [ RunTime:0.000000s ]
INFO: [ app_init ] --END-- [ RunTime:0.001000s ]
INFO: [ app_begin ] --START--
INFO: Run Behavior\ReadHtmlCacheBehavior [ RunTime:0.000000s ]
INFO: [ app_begin ] --END-- [ RunTime:0.000000s ]
SQL: SHOW COLUMNS FROM `zhekt_goods_type` [ RunTime:0.0150s ]
SQL: SELECT * FROM `zhekt_goods_type` WHERE ( parent_id=0 ) ORDER BY sort  [ RunTime:0.0000s ]
INFO: [ view_parse ] --START--
INFO: [ template_filter ] --START--
INFO: Run Behavior\ContentReplaceBehavior [ RunTime:0.000000s ]
INFO: [ template_filter ] --END-- [ RunTime:0.000000s ]
NOTIC: [8] Undefined index: town_name D:\www\discountInfo\Zhekoutong\Runtime\Cache\Home\5b71618298ba061d2a36637708953764.php 第 47 行.
NOTIC: [8] Undefined index: dist_name D:\www\discountInfo\Zhekoutong\Runtime\Cache\Home\5b71618298ba061d2a36637708953764.php 第 47 行.
NOTIC: [8] Undefined index: city_name D:\www\discountInfo\Zhekoutong\Runtime\Cache\Home\5b71618298ba061d2a36637708953764.php 第 47 行.
NOTIC: [8] Undefined index: prov_name D:\www\discountInfo\Zhekoutong\Runtime\Cache\Home\5b71618298ba061d2a36637708953764.php 第 47 行.
NOTIC: [8] Undefined index: member_id D:\www\discountInfo\Zhekoutong\Runtime\Cache\Home\5b71618298ba061d2a36637708953764.php 第 161 行.
INFO: Run Behavior\ParseTemplateBehavior [ RunTime:0.038003s ]
INFO: [ view_parse ] --END-- [ RunTime:0.038003s ]
INFO: [ view_filter ] --START--
INFO: Run Behavior\WriteHtmlCacheBehavior [ RunTime:0.000000s ]
INFO: [ view_filter ] --END-- [ RunTime:0.000000s ]
INFO: [ app_end ] --START--
INFO: Run Behavior\ShowPageTraceBehavior [ RunTime:0.001000s ]
INFO: [ app_end ] --END-- [ RunTime:0.001000s ]

[ 2017-05-01T17:27:05+08:00 ] ::1 /discountinfo/index.php/home/goods/get_recommend_brands
INFO: [ app_init ] --START--
INFO: Run Behavior\BuildLiteBehavior [ RunTime:0.000000s ]
INFO: [ app_init ] --END-- [ RunTime:0.000000s ]
INFO: [ app_begin ] --START--
INFO: Run Behavior\ReadHtmlCacheBehavior [ RunTime:0.000000s ]
INFO: [ app_begin ] --END-- [ RunTime:0.000000s ]
SQL: SHOW COLUMNS FROM `zhekt_goods_type` [ RunTime:0.0110s ]
SQL: SELECT `id` FROM `zhekt_goods_type` WHERE ( parent_id=0 ) ORDER BY sort LIMIT 4   [ RunTime:0.0000s ]
SQL: SHOW COLUMNS FROM `zhekt_brand` [ RunTime:0.0160s ]
SQL: select *from zhekt_brand where brand_type in(select id from zhekt_goods_type where parent_id=1) limit 6 [ RunTime:0.0000s ]
SQL: select *from zhekt_brand where brand_type in(select id from zhekt_goods_type where parent_id=3) limit 6 [ RunTime:0.0010s ]
SQL: select *from zhekt_brand where brand_type in(select id from zhekt_goods_type where parent_id=2) limit 6 [ RunTime:0.0000s ]
SQL: select *from zhekt_brand where brand_type in(select id from zhekt_goods_type where parent_id=4) limit 6 [ RunTime:0.0000s ]

[ 2017-05-01T17:27:05+08:00 ] ::1 /discountinfo/index.php/home/goods/get_recommend_goods
INFO: [ app_init ] --START--
INFO: Run Behavior\BuildLiteBehavior [ RunTime:0.000000s ]
INFO: [ app_init ] --END-- [ RunTime:0.001000s ]
INFO: [ app_begin ] --START--
INFO: Run Behavior\ReadHtmlCacheBehavior [ RunTime:0.001000s ]
INFO: [ app_begin ] --END-- [ RunTime:0.001000s ]
SQL: SHOW COLUMNS FROM `zhekt_goods` [ RunTime:0.0190s ]
SQL: SELECT * FROM `zhekt_goods` WHERE ( recommend>0 ) LIMIT 6   [ RunTime:0.0010s ]

[ 2017-05-01T17:27:05+08:00 ] ::1 /discountinfo/index.php
INFO: [ app_init ] --START--
INFO: Run Behavior\BuildLiteBehavior [ RunTime:0.000000s ]
INFO: [ app_init ] --END-- [ RunTime:0.001000s ]
INFO: [ app_begin ] --START--
INFO: Run Behavior\ReadHtmlCacheBehavior [ RunTime:0.001000s ]
INFO: [ app_begin ] --END-- [ RunTime:0.001000s ]
SQL: SHOW COLUMNS FROM `zhekt_goods_type` [ RunTime:0.0090s ]
SQL: SELECT * FROM `zhekt_goods_type` WHERE ( parent_id=0 ) ORDER BY sort  [ RunTime:0.0010s ]
INFO: [ view_parse ] --START--
INFO: [ template_filter ] --START--
INFO: Run Behavior\ContentReplaceBehavior [ RunTime:0.000000s ]
INFO: [ template_filter ] --END-- [ RunTime:0.000000s ]
NOTIC: [8] Undefined index: town_name D:\www\discountInfo\Zhekoutong\Runtime\Cache\Home\5b71618298ba061d2a36637708953764.php 第 47 行.
NOTIC: [8] Undefined index: dist_name D:\www\discountInfo\Zhekoutong\Runtime\Cache\Home\5b71618298ba061d2a36637708953764.php 第 47 行.
NOTIC: [8] Undefined index: city_name D:\www\discountInfo\Zhekoutong\Runtime\Cache\Home\5b71618298ba061d2a36637708953764.php 第 47 行.
NOTIC: [8] Undefined index: prov_name D:\www\discountInfo\Zhekoutong\Runtime\Cache\Home\5b71618298ba061d2a36637708953764.php 第 47 行.
NOTIC: [8] Undefined index: member_id D:\www\discountInfo\Zhekoutong\Runtime\Cache\Home\5b71618298ba061d2a36637708953764.php 第 161 行.
INFO: Run Behavior\ParseTemplateBehavior [ RunTime:0.038003s ]
INFO: [ view_parse ] --END-- [ RunTime:0.038003s ]
INFO: [ view_filter ] --START--
INFO: Run Behavior\WriteHtmlCacheBehavior [ RunTime:0.000000s ]
INFO: [ view_filter ] --END-- [ RunTime:0.000000s ]
INFO: [ app_end ] --START--
INFO: Run Behavior\ShowPageTraceBehavior [ RunTime:0.001000s ]
INFO: [ app_end ] --END-- [ RunTime:0.001000s ]

[ 2017-05-01T17:27:06+08:00 ] ::1 /discountinfo/index.php/home/goods/index/brand/6
INFO: [ app_init ] --START--
INFO: Run Behavior\BuildLiteBehavior [ RunTime:0.000000s ]
INFO: [ app_init ] --END-- [ RunTime:0.001001s ]
INFO: [ app_begin ] --START--
INFO: Run Behavior\ReadHtmlCacheBehavior [ RunTime:0.000000s ]
INFO: [ app_begin ] --END-- [ RunTime:0.000000s ]
SQL: SHOW COLUMNS FROM `zhekt_goods` [ RunTime:0.0150s ]
NOTIC: [8] Undefined index: type D:\www\discountInfo\Zhekoutong\Home\Controller\GoodsController.class.php 第 10 行.
SQL: SELECT * FROM `zhekt_goods` WHERE ( brand='6' )  [ RunTime:0.0000s ]
INFO: [ view_parse ] --START--
INFO: [ template_filter ] --START--
INFO: Run Behavior\ContentReplaceBehavior [ RunTime:0.000000s ]
INFO: [ template_filter ] --END-- [ RunTime:0.000000s ]
NOTIC: [8] Undefined variable: message D:\www\discountInfo\Zhekoutong\Runtime\Cache\Home\fa7f08d5c2ac6b0613fb61d11247ebcf.php 第 39 行.
NOTIC: [8] Undefined variable: message D:\www\discountInfo\Zhekoutong\Runtime\Cache\Home\fa7f08d5c2ac6b0613fb61d11247ebcf.php 第 52 行.
INFO: Run Behavior\ParseTemplateBehavior [ RunTime:0.005000s ]
INFO: [ view_parse ] --END-- [ RunTime:0.005000s ]
INFO: [ view_filter ] --START--
INFO: Run Behavior\WriteHtmlCacheBehavior [ RunTime:0.000000s ]
INFO: [ view_filter ] --END-- [ RunTime:0.000000s ]

[ 2017-05-01T17:27:08+08:00 ] ::1 /discountinfo/index.php
INFO: [ app_init ] --START--
INFO: Run Behavior\BuildLiteBehavior [ RunTime:0.000000s ]
INFO: [ app_init ] --END-- [ RunTime:0.001000s ]
INFO: [ app_begin ] --START--
INFO: Run Behavior\ReadHtmlCacheBehavior [ RunTime:0.001001s ]
INFO: [ app_begin ] --END-- [ RunTime:0.001001s ]
SQL: SHOW COLUMNS FROM `zhekt_goods_type` [ RunTime:0.0150s ]
SQL: SELECT * FROM `zhekt_goods_type` WHERE ( parent_id=0 ) ORDER BY sort  [ RunTime:0.0010s ]
INFO: [ view_parse ] --START--
INFO: [ template_filter ] --START--
INFO: Run Behavior\ContentReplaceBehavior [ RunTime:0.000000s ]
INFO: [ template_filter ] --END-- [ RunTime:0.000000s ]
NOTIC: [8] Undefined index: town_name D:\www\discountInfo\Zhekoutong\Runtime\Cache\Home\5b71618298ba061d2a36637708953764.php 第 47 行.
NOTIC: [8] Undefined index: dist_name D:\www\discountInfo\Zhekoutong\Runtime\Cache\Home\5b71618298ba061d2a36637708953764.php 第 47 行.
NOTIC: [8] Undefined index: city_name D:\www\discountInfo\Zhekoutong\Runtime\Cache\Home\5b71618298ba061d2a36637708953764.php 第 47 行.
NOTIC: [8] Undefined index: prov_name D:\www\discountInfo\Zhekoutong\Runtime\Cache\Home\5b71618298ba061d2a36637708953764.php 第 47 行.
NOTIC: [8] Undefined index: member_id D:\www\discountInfo\Zhekoutong\Runtime\Cache\Home\5b71618298ba061d2a36637708953764.php 第 161 行.
INFO: Run Behavior\ParseTemplateBehavior [ RunTime:0.031002s ]
INFO: [ view_parse ] --END-- [ RunTime:0.031002s ]
INFO: [ view_filter ] --START--
INFO: Run Behavior\WriteHtmlCacheBehavior [ RunTime:0.000000s ]
INFO: [ view_filter ] --END-- [ RunTime:0.000000s ]
INFO: [ app_end ] --START--
INFO: Run Behavior\ShowPageTraceBehavior [ RunTime:0.001000s ]
INFO: [ app_end ] --END-- [ RunTime:0.001000s ]

[ 2017-05-01T17:27:08+08:00 ] ::1 /discountinfo/index.php/home/goods/get_recommend_goods
INFO: [ app_init ] --START--
INFO: Run Behavior\BuildLiteBehavior [ RunTime:0.000000s ]
INFO: [ app_init ] --END-- [ RunTime:0.000000s ]
INFO: [ app_begin ] --START--
INFO: Run Behavior\ReadHtmlCacheBehavior [ RunTime:0.001000s ]
INFO: [ app_begin ] --END-- [ RunTime:0.001000s ]
SQL: SHOW COLUMNS FROM `zhekt_goods` [ RunTime:0.0200s ]
SQL: SELECT * FROM `zhekt_goods` WHERE ( recommend>0 ) LIMIT 6   [ RunTime:0.0010s ]

[ 2017-05-01T17:27:08+08:00 ] ::1 /discountinfo/index.php/home/goods/get_recommend_brands
INFO: [ app_init ] --START--
INFO: Run Behavior\BuildLiteBehavior [ RunTime:0.000000s ]
INFO: [ app_init ] --END-- [ RunTime:0.001000s ]
INFO: [ app_begin ] --START--
INFO: Run Behavior\ReadHtmlCacheBehavior [ RunTime:0.000000s ]
INFO: [ app_begin ] --END-- [ RunTime:0.000000s ]
SQL: SHOW COLUMNS FROM `zhekt_goods_type` [ RunTime:0.0110s ]
SQL: SELECT `id` FROM `zhekt_goods_type` WHERE ( parent_id=0 ) ORDER BY sort LIMIT 4   [ RunTime:0.0000s ]
SQL: SHOW COLUMNS FROM `zhekt_brand` [ RunTime:0.0130s ]
SQL: select *from zhekt_brand where brand_type in(select id from zhekt_goods_type where parent_id=1) limit 6 [ RunTime:0.0010s ]
SQL: select *from zhekt_brand where brand_type in(select id from zhekt_goods_type where parent_id=3) limit 6 [ RunTime:0.0000s ]
SQL: select *from zhekt_brand where brand_type in(select id from zhekt_goods_type where parent_id=2) limit 6 [ RunTime:0.0000s ]
SQL: select *from zhekt_brand where brand_type in(select id from zhekt_goods_type where parent_id=4) limit 6 [ RunTime:0.0000s ]

[ 2017-05-01T17:27:08+08:00 ] ::1 /discountinfo/index.php
INFO: [ app_init ] --START--
INFO: Run Behavior\BuildLiteBehavior [ RunTime:0.000000s ]
INFO: [ app_init ] --END-- [ RunTime:0.000000s ]
INFO: [ app_begin ] --START--
INFO: Run Behavior\ReadHtmlCacheBehavior [ RunTime:0.001000s ]
INFO: [ app_begin ] --END-- [ RunTime:0.001000s ]
SQL: SHOW COLUMNS FROM `zhekt_goods_type` [ RunTime:0.0100s ]
SQL: SELECT * FROM `zhekt_goods_type` WHERE ( parent_id=0 ) ORDER BY sort  [ RunTime:0.0000s ]
INFO: [ view_parse ] --START--
INFO: [ template_filter ] --START--
INFO: Run Behavior\ContentReplaceBehavior [ RunTime:0.000000s ]
INFO: [ template_filter ] --END-- [ RunTime:0.000000s ]
NOTIC: [8] Undefined index: town_name D:\www\discountInfo\Zhekoutong\Runtime\Cache\Home\5b71618298ba061d2a36637708953764.php 第 47 行.
NOTIC: [8] Undefined index: dist_name D:\www\discountInfo\Zhekoutong\Runtime\Cache\Home\5b71618298ba061d2a36637708953764.php 第 47 行.
NOTIC: [8] Undefined index: city_name D:\www\discountInfo\Zhekoutong\Runtime\Cache\Home\5b71618298ba061d2a36637708953764.php 第 47 行.
NOTIC: [8] Undefined index: prov_name D:\www\discountInfo\Zhekoutong\Runtime\Cache\Home\5b71618298ba061d2a36637708953764.php 第 47 行.
NOTIC: [8] Undefined index: member_id D:\www\discountInfo\Zhekoutong\Runtime\Cache\Home\5b71618298ba061d2a36637708953764.php 第 161 行.
INFO: Run Behavior\ParseTemplateBehavior [ RunTime:0.043003s ]
INFO: [ view_parse ] --END-- [ RunTime:0.043003s ]
INFO: [ view_filter ] --START--
INFO: Run Behavior\WriteHtmlCacheBehavior [ RunTime:0.000000s ]
INFO: [ view_filter ] --END-- [ RunTime:0.000000s ]
INFO: [ app_end ] --START--
INFO: Run Behavior\ShowPageTraceBehavior [ RunTime:0.001000s ]
INFO: [ app_end ] --END-- [ RunTime:0.001000s ]

[ 2017-05-01T17:27:11+08:00 ] ::1 /discountinfo/index.php/home/goods/category
INFO: [ app_init ] --START--
INFO: Run Behavior\BuildLiteBehavior [ RunTime:0.000000s ]
INFO: [ app_init ] --END-- [ RunTime:0.000000s ]
INFO: [ app_begin ] --START--
INFO: Run Behavior\ReadHtmlCacheBehavior [ RunTime:0.001000s ]
INFO: [ app_begin ] --END-- [ RunTime:0.001000s ]
SQL: SHOW COLUMNS FROM `zhekt_goods_type` [ RunTime:0.0160s ]
NOTIC: [8] Undefined index: parent D:\www\discountInfo\Zhekoutong\Home\Controller\GoodsController.class.php 第 141 行.
SQL: SELECT * FROM `zhekt_goods_type` WHERE ( parent_id='0' ) ORDER BY type_name  [ RunTime:0.0000s ]
INFO: [ view_parse ] --START--
INFO: [ template_filter ] --START--
INFO: Run Behavior\ContentReplaceBehavior [ RunTime:0.000000s ]
INFO: [ template_filter ] --END-- [ RunTime:0.000000s ]
INFO: Run Behavior\ParseTemplateBehavior [ RunTime:0.026001s ]
INFO: [ view_parse ] --END-- [ RunTime:0.026001s ]
INFO: [ view_filter ] --START--
INFO: Run Behavior\WriteHtmlCacheBehavior [ RunTime:0.000000s ]
INFO: [ view_filter ] --END-- [ RunTime:0.000000s ]
INFO: [ app_end ] --START--
INFO: Run Behavior\ShowPageTraceBehavior [ RunTime:0.001000s ]
INFO: [ app_end ] --END-- [ RunTime:0.001000s ]

[ 2017-05-01T17:27:15+08:00 ] ::1 /discountinfo/index.php/Home/Goods/category
INFO: [ app_init ] --START--
INFO: Run Behavior\BuildLiteBehavior [ RunTime:0.000000s ]
INFO: [ app_init ] --END-- [ RunTime:0.001000s ]
INFO: [ app_begin ] --START--
INFO: Run Behavior\ReadHtmlCacheBehavior [ RunTime:0.000000s ]
INFO: [ app_begin ] --END-- [ RunTime:0.000000s ]
SQL: SHOW COLUMNS FROM `zhekt_goods_type` [ RunTime:0.0150s ]
SQL: SELECT * FROM `zhekt_goods_type` WHERE ( parent_id='4' ) ORDER BY type_name  [ RunTime:0.0000s ]

[ 2017-05-01T17:27:16+08:00 ] ::1 /discountinfo/index.php/home/goods/index/type/26
INFO: [ app_init ] --START--
INFO: Run Behavior\BuildLiteBehavior [ RunTime:0.000000s ]
INFO: [ app_init ] --END-- [ RunTime:0.000000s ]
INFO: [ app_begin ] --START--
INFO: Run Behavior\ReadHtmlCacheBehavior [ RunTime:0.001000s ]
INFO: [ app_begin ] --END-- [ RunTime:0.001000s ]
SQL: SHOW COLUMNS FROM `zhekt_goods` [ RunTime:0.0170s ]
NOTIC: [8] Undefined index: brand D:\www\discountInfo\Zhekoutong\Home\Controller\GoodsController.class.php 第 11 行.
NOTIC: [8] Undefined index: member D:\www\discountInfo\Zhekoutong\Home\Controller\GoodsController.class.php 第 16 行.
NOTIC: [8] Undefined index: type1 D:\www\discountInfo\Zhekoutong\Home\Controller\GoodsController.class.php 第 20 行.
SQL: SELECT * FROM `zhekt_goods` WHERE ( type2='26' )  [ RunTime:0.0010s ]
INFO: [ view_parse ] --START--
INFO: [ template_filter ] --START--
INFO: Run Behavior\ContentReplaceBehavior [ RunTime:0.000000s ]
INFO: [ template_filter ] --END-- [ RunTime:0.000000s ]
NOTIC: [8] Undefined variable: message D:\www\discountInfo\Zhekoutong\Runtime\Cache\Home\fa7f08d5c2ac6b0613fb61d11247ebcf.php 第 39 行.
NOTIC: [8] Undefined variable: message D:\www\discountInfo\Zhekoutong\Runtime\Cache\Home\fa7f08d5c2ac6b0613fb61d11247ebcf.php 第 52 行.
INFO: Run Behavior\ParseTemplateBehavior [ RunTime:0.006001s ]
INFO: [ view_parse ] --END-- [ RunTime:0.006001s ]
INFO: [ view_filter ] --START--
INFO: Run Behavior\WriteHtmlCacheBehavior [ RunTime:0.000000s ]
INFO: [ view_filter ] --END-- [ RunTime:0.000000s ]

[ 2017-05-01T17:27:18+08:00 ] ::1 /discountinfo/index.php/Home/Goods/category
INFO: [ app_init ] --START--
INFO: Run Behavior\BuildLiteBehavior [ RunTime:0.000000s ]
INFO: [ app_init ] --END-- [ RunTime:0.000000s ]
INFO: [ app_begin ] --START--
INFO: Run Behavior\ReadHtmlCacheBehavior [ RunTime:0.000000s ]
INFO: [ app_begin ] --END-- [ RunTime:0.000000s ]
SQL: SHOW COLUMNS FROM `zhekt_goods_type` [ RunTime:0.0196s ]
SQL: SELECT * FROM `zhekt_goods_type` WHERE ( parent_id='4' ) ORDER BY type_name  [ RunTime:0.0000s ]

[ 2017-05-01T17:27:19+08:00 ] ::1 /discountinfo/index.php/home/goods/index/type/25
INFO: [ app_init ] --START--
INFO: Run Behavior\BuildLiteBehavior [ RunTime:0.000000s ]
INFO: [ app_init ] --END-- [ RunTime:0.000000s ]
INFO: [ app_begin ] --START--
INFO: Run Behavior\ReadHtmlCacheBehavior [ RunTime:0.001000s ]
INFO: [ app_begin ] --END-- [ RunTime:0.001000s ]
SQL: SHOW COLUMNS FROM `zhekt_goods` [ RunTime:0.0150s ]
NOTIC: [8] Undefined index: brand D:\www\discountInfo\Zhekoutong\Home\Controller\GoodsController.class.php 第 11 行.
NOTIC: [8] Undefined index: member D:\www\discountInfo\Zhekoutong\Home\Controller\GoodsController.class.php 第 16 行.
NOTIC: [8] Undefined index: type1 D:\www\discountInfo\Zhekoutong\Home\Controller\GoodsController.class.php 第 20 行.
SQL: SELECT * FROM `zhekt_goods` WHERE ( type2='25' )  [ RunTime:0.0010s ]
INFO: [ view_parse ] --START--
INFO: [ template_filter ] --START--
INFO: Run Behavior\ContentReplaceBehavior [ RunTime:0.000000s ]
INFO: [ template_filter ] --END-- [ RunTime:0.000000s ]
NOTIC: [8] Undefined variable: message D:\www\discountInfo\Zhekoutong\Runtime\Cache\Home\fa7f08d5c2ac6b0613fb61d11247ebcf.php 第 39 行.
NOTIC: [8] Undefined variable: message D:\www\discountInfo\Zhekoutong\Runtime\Cache\Home\fa7f08d5c2ac6b0613fb61d11247ebcf.php 第 52 行.
INFO: Run Behavior\ParseTemplateBehavior [ RunTime:0.005000s ]
INFO: [ view_parse ] --END-- [ RunTime:0.005000s ]
INFO: [ view_filter ] --START--
INFO: Run Behavior\WriteHtmlCacheBehavior [ RunTime:0.001000s ]
INFO: [ view_filter ] --END-- [ RunTime:0.001000s ]

[ 2017-05-01T17:27:21+08:00 ] ::1 /discountinfo/index.php/Home/Goods/category
INFO: [ app_init ] --START--
INFO: Run Behavior\BuildLiteBehavior [ RunTime:0.000000s ]
INFO: [ app_init ] --END-- [ RunTime:0.000000s ]
INFO: [ app_begin ] --START--
INFO: Run Behavior\ReadHtmlCacheBehavior [ RunTime:0.000000s ]
INFO: [ app_begin ] --END-- [ RunTime:0.000000s ]
SQL: SHOW COLUMNS FROM `zhekt_goods_type` [ RunTime:0.0130s ]
SQL: SELECT * FROM `zhekt_goods_type` WHERE ( parent_id='2' ) ORDER BY type_name  [ RunTime:0.0000s ]

[ 2017-05-01T17:27:23+08:00 ] ::1 /discountinfo/index.php/home/goods/index/type/20
INFO: [ app_init ] --START--
INFO: Run Behavior\BuildLiteBehavior [ RunTime:0.000000s ]
INFO: [ app_init ] --END-- [ RunTime:0.000000s ]
INFO: [ app_begin ] --START--
INFO: Run Behavior\ReadHtmlCacheBehavior [ RunTime:0.001000s ]
INFO: [ app_begin ] --END-- [ RunTime:0.001000s ]
SQL: SHOW COLUMNS FROM `zhekt_goods` [ RunTime:0.0160s ]
NOTIC: [8] Undefined index: brand D:\www\discountInfo\Zhekoutong\Home\Controller\GoodsController.class.php 第 11 行.
NOTIC: [8] Undefined index: member D:\www\discountInfo\Zhekoutong\Home\Controller\GoodsController.class.php 第 16 行.
NOTIC: [8] Undefined index: type1 D:\www\discountInfo\Zhekoutong\Home\Controller\GoodsController.class.php 第 20 行.
SQL: SELECT * FROM `zhekt_goods` WHERE ( type2='20' )  [ RunTime:0.0000s ]
INFO: [ view_parse ] --START--
INFO: [ template_filter ] --START--
INFO: Run Behavior\ContentReplaceBehavior [ RunTime:0.000000s ]
INFO: [ template_filter ] --END-- [ RunTime:0.000000s ]
NOTIC: [8] Undefined variable: message D:\www\discountInfo\Zhekoutong\Runtime\Cache\Home\fa7f08d5c2ac6b0613fb61d11247ebcf.php 第 39 行.
NOTIC: [8] Undefined variable: message D:\www\discountInfo\Zhekoutong\Runtime\Cache\Home\fa7f08d5c2ac6b0613fb61d11247ebcf.php 第 52 行.
INFO: Run Behavior\ParseTemplateBehavior [ RunTime:0.005000s ]
INFO: [ view_parse ] --END-- [ RunTime:0.005000s ]
INFO: [ view_filter ] --START--
INFO: Run Behavior\WriteHtmlCacheBehavior [ RunTime:0.000000s ]
INFO: [ view_filter ] --END-- [ RunTime:0.000000s ]

[ 2017-05-01T17:27:28+08:00 ] ::1 /discountinfo/index.php/Home/Goods/category
INFO: [ app_init ] --START--
INFO: Run Behavior\BuildLiteBehavior [ RunTime:0.000000s ]
INFO: [ app_init ] --END-- [ RunTime:0.001000s ]
INFO: [ app_begin ] --START--
INFO: Run Behavior\ReadHtmlCacheBehavior [ RunTime:0.001000s ]
INFO: [ app_begin ] --END-- [ RunTime:0.001000s ]
SQL: SHOW COLUMNS FROM `zhekt_goods_type` [ RunTime:0.0130s ]
SQL: SELECT * FROM `zhekt_goods_type` WHERE ( parent_id='1' ) ORDER BY type_name  [ RunTime:0.0000s ]

[ 2017-05-01T17:27:29+08:00 ] ::1 /discountinfo/index.php/home/goods/index/type/6
INFO: [ app_init ] --START--
INFO: Run Behavior\BuildLiteBehavior [ RunTime:0.000000s ]
INFO: [ app_init ] --END-- [ RunTime:0.000000s ]
INFO: [ app_begin ] --START--
INFO: Run Behavior\ReadHtmlCacheBehavior [ RunTime:0.001000s ]
INFO: [ app_begin ] --END-- [ RunTime:0.001000s ]
SQL: SHOW COLUMNS FROM `zhekt_goods` [ RunTime:0.0160s ]
NOTIC: [8] Undefined index: brand D:\www\discountInfo\Zhekoutong\Home\Controller\GoodsController.class.php 第 11 行.
NOTIC: [8] Undefined index: member D:\www\discountInfo\Zhekoutong\Home\Controller\GoodsController.class.php 第 16 行.
NOTIC: [8] Undefined index: type1 D:\www\discountInfo\Zhekoutong\Home\Controller\GoodsController.class.php 第 20 行.
SQL: SELECT * FROM `zhekt_goods` WHERE ( type2='6' )  [ RunTime:0.0000s ]
INFO: [ view_parse ] --START--
INFO: [ template_filter ] --START--
INFO: Run Behavior\ContentReplaceBehavior [ RunTime:0.000000s ]
INFO: [ template_filter ] --END-- [ RunTime:0.000000s ]
NOTIC: [8] Undefined variable: message D:\www\discountInfo\Zhekoutong\Runtime\Cache\Home\fa7f08d5c2ac6b0613fb61d11247ebcf.php 第 39 行.
NOTIC: [8] Undefined variable: message D:\www\discountInfo\Zhekoutong\Runtime\Cache\Home\fa7f08d5c2ac6b0613fb61d11247ebcf.php 第 52 行.
INFO: Run Behavior\ParseTemplateBehavior [ RunTime:0.005000s ]
INFO: [ view_parse ] --END-- [ RunTime:0.005000s ]
INFO: [ view_filter ] --START--
INFO: Run Behavior\WriteHtmlCacheBehavior [ RunTime:0.001000s ]
INFO: [ view_filter ] --END-- [ RunTime:0.001000s ]

[ 2017-05-01T17:27:31+08:00 ] ::1 /discountinfo/index.php/Home/Goods/category
INFO: [ app_init ] --START--
INFO: Run Behavior\BuildLiteBehavior [ RunTime:0.000000s ]
INFO: [ app_init ] --END-- [ RunTime:0.000000s ]
INFO: [ app_begin ] --START--
INFO: Run Behavior\ReadHtmlCacheBehavior [ RunTime:0.000000s ]
INFO: [ app_begin ] --END-- [ RunTime:0.000000s ]
SQL: SHOW COLUMNS FROM `zhekt_goods_type` [ RunTime:0.0140s ]
SQL: SELECT * FROM `zhekt_goods_type` WHERE ( parent_id='2' ) ORDER BY type_name  [ RunTime:0.0000s ]

[ 2017-05-01T17:27:32+08:00 ] ::1 /discountinfo/index.php/Home/Goods/category
INFO: [ app_init ] --START--
INFO: Run Behavior\BuildLiteBehavior [ RunTime:0.000000s ]
INFO: [ app_init ] --END-- [ RunTime:0.001000s ]
INFO: [ app_begin ] --START--
INFO: Run Behavior\ReadHtmlCacheBehavior [ RunTime:0.001000s ]
INFO: [ app_begin ] --END-- [ RunTime:0.001000s ]
SQL: SHOW COLUMNS FROM `zhekt_goods_type` [ RunTime:0.0130s ]
SQL: SELECT * FROM `zhekt_goods_type` WHERE ( parent_id='1' ) ORDER BY type_name  [ RunTime:0.0010s ]

[ 2017-05-01T17:27:33+08:00 ] ::1 /discountinfo/index.php/home/goods/index/type/7
INFO: [ app_init ] --START--
INFO: Run Behavior\BuildLiteBehavior [ RunTime:0.000000s ]
INFO: [ app_init ] --END-- [ RunTime:0.001000s ]
INFO: [ app_begin ] --START--
INFO: Run Behavior\ReadHtmlCacheBehavior [ RunTime:0.000000s ]
INFO: [ app_begin ] --END-- [ RunTime:0.000000s ]
SQL: SHOW COLUMNS FROM `zhekt_goods` [ RunTime:0.0160s ]
NOTIC: [8] Undefined index: brand D:\www\discountInfo\Zhekoutong\Home\Controller\GoodsController.class.php 第 11 行.
NOTIC: [8] Undefined index: member D:\www\discountInfo\Zhekoutong\Home\Controller\GoodsController.class.php 第 16 行.
NOTIC: [8] Undefined index: type1 D:\www\discountInfo\Zhekoutong\Home\Controller\GoodsController.class.php 第 20 行.
SQL: SELECT * FROM `zhekt_goods` WHERE ( type2='7' )  [ RunTime:0.0000s ]
INFO: [ view_parse ] --START--
INFO: [ template_filter ] --START--
INFO: Run Behavior\ContentReplaceBehavior [ RunTime:0.000000s ]
INFO: [ template_filter ] --END-- [ RunTime:0.000000s ]
NOTIC: [8] Undefined index: member_id D:\www\discountInfo\Zhekoutong\Runtime\Cache\Home\213da5f4b8a9f9385f64c65bd27053b1.php 第 22 行.
INFO: Run Behavior\ParseTemplateBehavior [ RunTime:0.006000s ]
INFO: [ view_parse ] --END-- [ RunTime:0.006000s ]
INFO: [ view_filter ] --START--
INFO: Run Behavior\WriteHtmlCacheBehavior [ RunTime:0.001000s ]
INFO: [ view_filter ] --END-- [ RunTime:0.001000s ]
INFO: [ app_end ] --START--
INFO: Run Behavior\ShowPageTraceBehavior [ RunTime:0.000000s ]
INFO: [ app_end ] --END-- [ RunTime:0.000000s ]

[ 2017-05-01T17:27:38+08:00 ] ::1 /discountinfo/index.php/home/shop
INFO: [ app_init ] --START--
INFO: Run Behavior\BuildLiteBehavior [ RunTime:0.000000s ]
INFO: [ app_init ] --END-- [ RunTime:0.001000s ]
INFO: [ app_begin ] --START--
INFO: Run Behavior\ReadHtmlCacheBehavior [ RunTime:0.000000s ]
INFO: [ app_begin ] --END-- [ RunTime:0.000000s ]
SQL: SHOW COLUMNS FROM `zhekt_shop` [ RunTime:0.0150s ]
SQL: SELECT * FROM `zhekt_shop` WHERE ( status=1 )  [ RunTime:0.0010s ]
INFO: [ view_parse ] --START--
INFO: [ template_filter ] --START--
INFO: Run Behavior\ContentReplaceBehavior [ RunTime:0.000000s ]
INFO: [ template_filter ] --END-- [ RunTime:0.001000s ]
INFO: Run Behavior\ParseTemplateBehavior [ RunTime:0.027002s ]
INFO: [ view_parse ] --END-- [ RunTime:0.027002s ]
INFO: [ view_filter ] --START--
INFO: Run Behavior\WriteHtmlCacheBehavior [ RunTime:0.001000s ]
INFO: [ view_filter ] --END-- [ RunTime:0.001000s ]
INFO: [ app_end ] --START--
INFO: Run Behavior\ShowPageTraceBehavior [ RunTime:0.000000s ]
INFO: [ app_end ] --END-- [ RunTime:0.000000s ]

[ 2017-05-01T17:27:39+08:00 ] ::1 /discountinfo/index.php/Home/Shop/get_shop_images
INFO: [ app_init ] --START--
INFO: Run Behavior\BuildLiteBehavior [ RunTime:0.000000s ]
INFO: [ app_init ] --END-- [ RunTime:0.000000s ]
INFO: [ app_begin ] --START--
INFO: Run Behavior\ReadHtmlCacheBehavior [ RunTime:0.000000s ]
INFO: [ app_begin ] --END-- [ RunTime:0.001000s ]
SQL: SHOW COLUMNS FROM `zhekt_shop_image` [ RunTime:0.0280s ]
SQL: SELECT * FROM `zhekt_shop_image` WHERE ( shop='2' )  [ RunTime:0.0000s ]

[ 2017-05-01T17:27:40+08:00 ] ::1 /discountinfo/index.php/Home/Shop/get_shop_images
INFO: [ app_init ] --START--
INFO: Run Behavior\BuildLiteBehavior [ RunTime:0.000000s ]
INFO: [ app_init ] --END-- [ RunTime:0.000000s ]
INFO: [ app_begin ] --START--
INFO: Run Behavior\ReadHtmlCacheBehavior [ RunTime:0.001000s ]
INFO: [ app_begin ] --END-- [ RunTime:0.001000s ]
SQL: SHOW COLUMNS FROM `zhekt_shop_image` [ RunTime:0.0160s ]
SQL: SELECT * FROM `zhekt_shop_image` WHERE ( shop='2' )  [ RunTime:0.0000s ]

[ 2017-05-01T17:27:40+08:00 ] ::1 /discountinfo/index.php/Home/Shop/get_shop_images
INFO: [ app_init ] --START--
INFO: Run Behavior\BuildLiteBehavior [ RunTime:0.000000s ]
INFO: [ app_init ] --END-- [ RunTime:0.001000s ]
INFO: [ app_begin ] --START--
INFO: Run Behavior\ReadHtmlCacheBehavior [ RunTime:0.001000s ]
INFO: [ app_begin ] --END-- [ RunTime:0.001000s ]
SQL: SHOW COLUMNS FROM `zhekt_shop_image` [ RunTime:0.0100s ]
SQL: SELECT * FROM `zhekt_shop_image` WHERE ( shop='1' )  [ RunTime:0.0000s ]

[ 2017-05-01T17:27:46+08:00 ] ::1 /discountinfo/index.php/Home/Shop/get_shop_images
INFO: [ app_init ] --START--
INFO: Run Behavior\BuildLiteBehavior [ RunTime:0.000000s ]
INFO: [ app_init ] --END-- [ RunTime:0.000000s ]
INFO: [ app_begin ] --START--
INFO: Run Behavior\ReadHtmlCacheBehavior [ RunTime:0.000000s ]
INFO: [ app_begin ] --END-- [ RunTime:0.000000s ]
SQL: SHOW COLUMNS FROM `zhekt_shop_image` [ RunTime:0.0170s ]
SQL: SELECT * FROM `zhekt_shop_image` WHERE ( shop='1' )  [ RunTime:0.0000s ]

[ 2017-05-01T17:27:47+08:00 ] ::1 /discountinfo/index.php/Home/Shop/get_shop_images
INFO: [ app_init ] --START--
INFO: Run Behavior\BuildLiteBehavior [ RunTime:0.000000s ]
INFO: [ app_init ] --END-- [ RunTime:0.001000s ]
INFO: [ app_begin ] --START--
INFO: Run Behavior\ReadHtmlCacheBehavior [ RunTime:0.001000s ]
INFO: [ app_begin ] --END-- [ RunTime:0.001000s ]
SQL: SHOW COLUMNS FROM `zhekt_shop_image` [ RunTime:0.0130s ]
SQL: SELECT * FROM `zhekt_shop_image` WHERE ( shop='1' )  [ RunTime:0.0010s ]

[ 2017-05-01T17:27:49+08:00 ] ::1 /discountinfo/index.php/Home/Shop/get_shop_images
INFO: [ app_init ] --START--
INFO: Run Behavior\BuildLiteBehavior [ RunTime:0.000000s ]
INFO: [ app_init ] --END-- [ RunTime:0.001000s ]
INFO: [ app_begin ] --START--
INFO: Run Behavior\ReadHtmlCacheBehavior [ RunTime:0.000000s ]
INFO: [ app_begin ] --END-- [ RunTime:0.000000s ]
SQL: SHOW COLUMNS FROM `zhekt_shop_image` [ RunTime:0.0200s ]
SQL: SELECT * FROM `zhekt_shop_image` WHERE ( shop='2' )  [ RunTime:0.0010s ]

[ 2017-05-01T17:27:56+08:00 ] ::1 /discountinfo/index.php/Home/Shop/get_shop_images
INFO: [ app_init ] --START--
INFO: Run Behavior\BuildLiteBehavior [ RunTime:0.000000s ]
INFO: [ app_init ] --END-- [ RunTime:0.000000s ]
INFO: [ app_begin ] --START--
INFO: Run Behavior\ReadHtmlCacheBehavior [ RunTime:0.001000s ]
INFO: [ app_begin ] --END-- [ RunTime:0.001000s ]
SQL: SHOW COLUMNS FROM `zhekt_shop_image` [ RunTime:0.0140s ]
SQL: SELECT * FROM `zhekt_shop_image` WHERE ( shop='1' )  [ RunTime:0.0000s ]

[ 2017-05-01T17:28:00+08:00 ] ::1 /discountinfo/index.php
INFO: [ app_init ] --START--
INFO: Run Behavior\BuildLiteBehavior [ RunTime:0.000000s ]
INFO: [ app_init ] --END-- [ RunTime:0.000000s ]
INFO: [ app_begin ] --START--
INFO: Run Behavior\ReadHtmlCacheBehavior [ RunTime:0.001000s ]
INFO: [ app_begin ] --END-- [ RunTime:0.001000s ]
SQL: SHOW COLUMNS FROM `zhekt_goods_type` [ RunTime:0.0160s ]
SQL: SELECT * FROM `zhekt_goods_type` WHERE ( parent_id=0 ) ORDER BY sort  [ RunTime:0.0000s ]
INFO: [ view_parse ] --START--
INFO: [ template_filter ] --START--
INFO: Run Behavior\ContentReplaceBehavior [ RunTime:0.000000s ]
INFO: [ template_filter ] --END-- [ RunTime:0.000000s ]
NOTIC: [8] Undefined index: town_name D:\www\discountInfo\Zhekoutong\Runtime\Cache\Home\5b71618298ba061d2a36637708953764.php 第 47 行.
NOTIC: [8] Undefined index: dist_name D:\www\discountInfo\Zhekoutong\Runtime\Cache\Home\5b71618298ba061d2a36637708953764.php 第 47 行.
NOTIC: [8] Undefined index: city_name D:\www\discountInfo\Zhekoutong\Runtime\Cache\Home\5b71618298ba061d2a36637708953764.php 第 47 行.
NOTIC: [8] Undefined index: prov_name D:\www\discountInfo\Zhekoutong\Runtime\Cache\Home\5b71618298ba061d2a36637708953764.php 第 47 行.
NOTIC: [8] Undefined index: member_id D:\www\discountInfo\Zhekoutong\Runtime\Cache\Home\5b71618298ba061d2a36637708953764.php 第 161 行.
INFO: Run Behavior\ParseTemplateBehavior [ RunTime:0.034002s ]
INFO: [ view_parse ] --END-- [ RunTime:0.034002s ]
INFO: [ view_filter ] --START--
INFO: Run Behavior\WriteHtmlCacheBehavior [ RunTime:0.000000s ]
INFO: [ view_filter ] --END-- [ RunTime:0.000000s ]
INFO: [ app_end ] --START--
INFO: Run Behavior\ShowPageTraceBehavior [ RunTime:0.001000s ]
INFO: [ app_end ] --END-- [ RunTime:0.001000s ]

[ 2017-05-01T17:28:01+08:00 ] ::1 /discountinfo/index.php
INFO: [ app_init ] --START--
INFO: Run Behavior\BuildLiteBehavior [ RunTime:0.000000s ]
INFO: [ app_init ] --END-- [ RunTime:0.000000s ]
INFO: [ app_begin ] --START--
INFO: Run Behavior\ReadHtmlCacheBehavior [ RunTime:0.001000s ]
INFO: [ app_begin ] --END-- [ RunTime:0.001000s ]
SQL: SHOW COLUMNS FROM `zhekt_goods_type` [ RunTime:0.0210s ]
SQL: SELECT * FROM `zhekt_goods_type` WHERE ( parent_id=0 ) ORDER BY sort  [ RunTime:0.0000s ]
INFO: [ view_parse ] --START--
INFO: [ template_filter ] --START--
INFO: Run Behavior\ContentReplaceBehavior [ RunTime:0.001000s ]
INFO: [ template_filter ] --END-- [ RunTime:0.001000s ]
NOTIC: [8] Undefined index: town_name D:\www\discountInfo\Zhekoutong\Runtime\Cache\Home\5b71618298ba061d2a36637708953764.php 第 47 行.
NOTIC: [8] Undefined index: dist_name D:\www\discountInfo\Zhekoutong\Runtime\Cache\Home\5b71618298ba061d2a36637708953764.php 第 47 行.
NOTIC: [8] Undefined index: city_name D:\www\discountInfo\Zhekoutong\Runtime\Cache\Home\5b71618298ba061d2a36637708953764.php 第 47 行.
NOTIC: [8] Undefined index: prov_name D:\www\discountInfo\Zhekoutong\Runtime\Cache\Home\5b71618298ba061d2a36637708953764.php 第 47 行.
NOTIC: [8] Undefined index: member_id D:\www\discountInfo\Zhekoutong\Runtime\Cache\Home\5b71618298ba061d2a36637708953764.php 第 161 行.
INFO: Run Behavior\ParseTemplateBehavior [ RunTime:0.057004s ]
INFO: [ view_parse ] --END-- [ RunTime:0.058004s ]
INFO: [ view_filter ] --START--
INFO: Run Behavior\WriteHtmlCacheBehavior [ RunTime:0.000000s ]
INFO: [ view_filter ] --END-- [ RunTime:0.000000s ]
INFO: [ app_end ] --START--
INFO: Run Behavior\ShowPageTraceBehavior [ RunTime:0.001000s ]
INFO: [ app_end ] --END-- [ RunTime:0.001000s ]

[ 2017-05-01T17:28:01+08:00 ] ::1 /discountinfo/index.php/home/goods/get_recommend_brands
INFO: [ app_init ] --START--
INFO: Run Behavior\BuildLiteBehavior [ RunTime:0.000000s ]
INFO: [ app_init ] --END-- [ RunTime:0.001000s ]
INFO: [ app_begin ] --START--
INFO: Run Behavior\ReadHtmlCacheBehavior [ RunTime:0.000000s ]
INFO: [ app_begin ] --END-- [ RunTime:0.000000s ]
SQL: SHOW COLUMNS FROM `zhekt_goods_type` [ RunTime:0.0190s ]
SQL: SELECT `id` FROM `zhekt_goods_type` WHERE ( parent_id=0 ) ORDER BY sort LIMIT 4   [ RunTime:0.0000s ]
SQL: SHOW COLUMNS FROM `zhekt_brand` [ RunTime:0.0200s ]
SQL: select *from zhekt_brand where brand_type in(select id from zhekt_goods_type where parent_id=1) limit 6 [ RunTime:0.0000s ]
SQL: select *from zhekt_brand where brand_type in(select id from zhekt_goods_type where parent_id=3) limit 6 [ RunTime:0.0000s ]
SQL: select *from zhekt_brand where brand_type in(select id from zhekt_goods_type where parent_id=2) limit 6 [ RunTime:0.0010s ]
SQL: select *from zhekt_brand where brand_type in(select id from zhekt_goods_type where parent_id=4) limit 6 [ RunTime:0.0000s ]

[ 2017-05-01T17:28:01+08:00 ] ::1 /discountinfo/index.php/home/goods/get_recommend_goods
INFO: [ app_init ] --START--
INFO: Run Behavior\BuildLiteBehavior [ RunTime:0.000000s ]
INFO: [ app_init ] --END-- [ RunTime:0.000000s ]
INFO: [ app_begin ] --START--
INFO: Run Behavior\ReadHtmlCacheBehavior [ RunTime:0.001000s ]
INFO: [ app_begin ] --END-- [ RunTime:0.001000s ]
SQL: SHOW COLUMNS FROM `zhekt_goods` [ RunTime:0.0150s ]
SQL: SELECT * FROM `zhekt_goods` WHERE ( recommend>0 ) LIMIT 6   [ RunTime:0.0000s ]

[ 2017-05-01T17:28:01+08:00 ] ::1 /discountinfo/index.php
INFO: [ app_init ] --START--
INFO: Run Behavior\BuildLiteBehavior [ RunTime:0.000000s ]
INFO: [ app_init ] --END-- [ RunTime:0.001000s ]
INFO: [ app_begin ] --START--
INFO: Run Behavior\ReadHtmlCacheBehavior [ RunTime:0.000000s ]
INFO: [ app_begin ] --END-- [ RunTime:0.000000s ]
SQL: SHOW COLUMNS FROM `zhekt_goods_type` [ RunTime:0.0140s ]
SQL: SELECT * FROM `zhekt_goods_type` WHERE ( parent_id=0 ) ORDER BY sort  [ RunTime:0.0000s ]
INFO: [ view_parse ] --START--
INFO: [ template_filter ] --START--
INFO: Run Behavior\ContentReplaceBehavior [ RunTime:0.000000s ]
INFO: [ template_filter ] --END-- [ RunTime:0.000000s ]
NOTIC: [8] Undefined index: town_name D:\www\discountInfo\Zhekoutong\Runtime\Cache\Home\5b71618298ba061d2a36637708953764.php 第 47 行.
NOTIC: [8] Undefined index: dist_name D:\www\discountInfo\Zhekoutong\Runtime\Cache\Home\5b71618298ba061d2a36637708953764.php 第 47 行.
NOTIC: [8] Undefined index: city_name D:\www\discountInfo\Zhekoutong\Runtime\Cache\Home\5b71618298ba061d2a36637708953764.php 第 47 行.
NOTIC: [8] Undefined index: prov_name D:\www\discountInfo\Zhekoutong\Runtime\Cache\Home\5b71618298ba061d2a36637708953764.php 第 47 行.
NOTIC: [8] Undefined index: member_id D:\www\discountInfo\Zhekoutong\Runtime\Cache\Home\5b71618298ba061d2a36637708953764.php 第 161 行.
INFO: Run Behavior\ParseTemplateBehavior [ RunTime:0.036002s ]
INFO: [ view_parse ] --END-- [ RunTime:0.036002s ]
INFO: [ view_filter ] --START--
INFO: Run Behavior\WriteHtmlCacheBehavior [ RunTime:0.000000s ]
INFO: [ view_filter ] --END-- [ RunTime:0.000000s ]
INFO: [ app_end ] --START--
INFO: Run Behavior\ShowPageTraceBehavior [ RunTime:0.001000s ]
INFO: [ app_end ] --END-- [ RunTime:0.001000s ]

[ 2017-05-01T17:28:22+08:00 ] ::1 /discountinfo/index.php
INFO: [ app_init ] --START--
INFO: Run Behavior\BuildLiteBehavior [ RunTime:0.000000s ]
INFO: [ app_init ] --END-- [ RunTime:0.000000s ]
INFO: [ app_begin ] --START--
INFO: Run Behavior\ReadHtmlCacheBehavior [ RunTime:0.000000s ]
INFO: [ app_begin ] --END-- [ RunTime:0.000000s ]
SQL: SHOW COLUMNS FROM `zhekt_goods_type` [ RunTime:0.0150s ]
SQL: SELECT * FROM `zhekt_goods_type` WHERE ( parent_id=0 ) ORDER BY sort  [ RunTime:0.0000s ]
INFO: [ view_parse ] --START--
INFO: [ template_filter ] --START--
INFO: Run Behavior\ContentReplaceBehavior [ RunTime:0.000000s ]
INFO: [ template_filter ] --END-- [ RunTime:0.000000s ]
NOTIC: [8] Undefined index: town_name D:\www\discountInfo\Zhekoutong\Runtime\Cache\Home\5b71618298ba061d2a36637708953764.php 第 47 行.
NOTIC: [8] Undefined index: dist_name D:\www\discountInfo\Zhekoutong\Runtime\Cache\Home\5b71618298ba061d2a36637708953764.php 第 47 行.
NOTIC: [8] Undefined index: city_name D:\www\discountInfo\Zhekoutong\Runtime\Cache\Home\5b71618298ba061d2a36637708953764.php 第 47 行.
NOTIC: [8] Undefined index: prov_name D:\www\discountInfo\Zhekoutong\Runtime\Cache\Home\5b71618298ba061d2a36637708953764.php 第 47 行.
NOTIC: [8] Undefined index: member_id D:\www\discountInfo\Zhekoutong\Runtime\Cache\Home\5b71618298ba061d2a36637708953764.php 第 161 行.
INFO: Run Behavior\ParseTemplateBehavior [ RunTime:0.033001s ]
INFO: [ view_parse ] --END-- [ RunTime:0.033001s ]
INFO: [ view_filter ] --START--
INFO: Run Behavior\WriteHtmlCacheBehavior [ RunTime:0.000000s ]
INFO: [ view_filter ] --END-- [ RunTime:0.000000s ]
INFO: [ app_end ] --START--
INFO: Run Behavior\ShowPageTraceBehavior [ RunTime:0.001000s ]
INFO: [ app_end ] --END-- [ RunTime:0.001000s ]

[ 2017-05-01T17:28:23+08:00 ] ::1 /discountinfo/index.php
INFO: [ app_init ] --START--
INFO: Run Behavior\BuildLiteBehavior [ RunTime:0.000000s ]
INFO: [ app_init ] --END-- [ RunTime:0.001000s ]
INFO: [ app_begin ] --START--
INFO: Run Behavior\ReadHtmlCacheBehavior [ RunTime:0.001000s ]
INFO: [ app_begin ] --END-- [ RunTime:0.001000s ]
SQL: SHOW COLUMNS FROM `zhekt_goods_type` [ RunTime:0.0180s ]
SQL: SELECT * FROM `zhekt_goods_type` WHERE ( parent_id=0 ) ORDER BY sort  [ RunTime:0.0000s ]
INFO: [ view_parse ] --START--
INFO: [ template_filter ] --START--
INFO: Run Behavior\ContentReplaceBehavior [ RunTime:0.000000s ]
INFO: [ template_filter ] --END-- [ RunTime:0.000000s ]
NOTIC: [8] Undefined index: town_name D:\www\discountInfo\Zhekoutong\Runtime\Cache\Home\5b71618298ba061d2a36637708953764.php 第 47 行.
NOTIC: [8] Undefined index: dist_name D:\www\discountInfo\Zhekoutong\Runtime\Cache\Home\5b71618298ba061d2a36637708953764.php 第 47 行.
NOTIC: [8] Undefined index: city_name D:\www\discountInfo\Zhekoutong\Runtime\Cache\Home\5b71618298ba061d2a36637708953764.php 第 47 行.
NOTIC: [8] Undefined index: prov_name D:\www\discountInfo\Zhekoutong\Runtime\Cache\Home\5b71618298ba061d2a36637708953764.php 第 47 行.
NOTIC: [8] Undefined index: member_id D:\www\discountInfo\Zhekoutong\Runtime\Cache\Home\5b71618298ba061d2a36637708953764.php 第 161 行.
INFO: Run Behavior\ParseTemplateBehavior [ RunTime:0.051003s ]
INFO: [ view_parse ] --END-- [ RunTime:0.051003s ]
INFO: [ view_filter ] --START--
INFO: Run Behavior\WriteHtmlCacheBehavior [ RunTime:0.001000s ]
INFO: [ view_filter ] --END-- [ RunTime:0.001000s ]
INFO: [ app_end ] --START--
INFO: Run Behavior\ShowPageTraceBehavior [ RunTime:0.000000s ]
INFO: [ app_end ] --END-- [ RunTime:0.000000s ]

[ 2017-05-01T17:28:23+08:00 ] ::1 /discountinfo/index.php/home/goods/get_recommend_brands
INFO: [ app_init ] --START--
INFO: Run Behavior\BuildLiteBehavior [ RunTime:0.000000s ]
INFO: [ app_init ] --END-- [ RunTime:0.001000s ]
INFO: [ app_begin ] --START--
INFO: Run Behavior\ReadHtmlCacheBehavior [ RunTime:0.001000s ]
INFO: [ app_begin ] --END-- [ RunTime:0.001000s ]
SQL: SHOW COLUMNS FROM `zhekt_goods_type` [ RunTime:0.0090s ]
SQL: SELECT `id` FROM `zhekt_goods_type` WHERE ( parent_id=0 ) ORDER BY sort LIMIT 4   [ RunTime:0.0010s ]
SQL: SHOW COLUMNS FROM `zhekt_brand` [ RunTime:0.0210s ]
SQL: select *from zhekt_brand where brand_type in(select id from zhekt_goods_type where parent_id=1) limit 6 [ RunTime:0.0010s ]
SQL: select *from zhekt_brand where brand_type in(select id from zhekt_goods_type where parent_id=3) limit 6 [ RunTime:0.0010s ]
SQL: select *from zhekt_brand where brand_type in(select id from zhekt_goods_type where parent_id=2) limit 6 [ RunTime:0.0000s ]
SQL: select *from zhekt_brand where brand_type in(select id from zhekt_goods_type where parent_id=4) limit 6 [ RunTime:0.0000s ]

[ 2017-05-01T17:28:23+08:00 ] ::1 /discountinfo/index.php
INFO: [ app_init ] --START--
INFO: Run Behavior\BuildLiteBehavior [ RunTime:0.000000s ]
INFO: [ app_init ] --END-- [ RunTime:0.000000s ]
INFO: [ app_begin ] --START--
INFO: Run Behavior\ReadHtmlCacheBehavior [ RunTime:0.000000s ]
INFO: [ app_begin ] --END-- [ RunTime:0.000000s ]
SQL: SHOW COLUMNS FROM `zhekt_goods_type` [ RunTime:0.0090s ]
SQL: SELECT * FROM `zhekt_goods_type` WHERE ( parent_id=0 ) ORDER BY sort  [ RunTime:0.0000s ]
INFO: [ view_parse ] --START--
INFO: [ template_filter ] --START--
INFO: Run Behavior\ContentReplaceBehavior [ RunTime:0.000000s ]
INFO: [ template_filter ] --END-- [ RunTime:0.000000s ]
NOTIC: [8] Undefined index: town_name D:\www\discountInfo\Zhekoutong\Runtime\Cache\Home\5b71618298ba061d2a36637708953764.php 第 47 行.
NOTIC: [8] Undefined index: dist_name D:\www\discountInfo\Zhekoutong\Runtime\Cache\Home\5b71618298ba061d2a36637708953764.php 第 47 行.
NOTIC: [8] Undefined index: city_name D:\www\discountInfo\Zhekoutong\Runtime\Cache\Home\5b71618298ba061d2a36637708953764.php 第 47 行.
NOTIC: [8] Undefined index: prov_name D:\www\discountInfo\Zhekoutong\Runtime\Cache\Home\5b71618298ba061d2a36637708953764.php 第 47 行.
NOTIC: [8] Undefined index: member_id D:\www\discountInfo\Zhekoutong\Runtime\Cache\Home\5b71618298ba061d2a36637708953764.php 第 161 行.
INFO: Run Behavior\ParseTemplateBehavior [ RunTime:0.034002s ]
INFO: [ view_parse ] --END-- [ RunTime:0.034002s ]
INFO: [ view_filter ] --START--
INFO: Run Behavior\WriteHtmlCacheBehavior [ RunTime:0.000000s ]
INFO: [ view_filter ] --END-- [ RunTime:0.000000s ]
INFO: [ app_end ] --START--
INFO: Run Behavior\ShowPageTraceBehavior [ RunTime:0.000000s ]
INFO: [ app_end ] --END-- [ RunTime:0.000000s ]

[ 2017-05-01T17:28:24+08:00 ] ::1 /discountinfo/index.php/home/goods/get_recommend_goods
INFO: [ app_init ] --START--
INFO: Run Behavior\BuildLiteBehavior [ RunTime:0.000000s ]
INFO: [ app_init ] --END-- [ RunTime:0.000000s ]
INFO: [ app_begin ] --START--
INFO: Run Behavior\ReadHtmlCacheBehavior [ RunTime:0.001000s ]
INFO: [ app_begin ] --END-- [ RunTime:0.001000s ]
SQL: SHOW COLUMNS FROM `zhekt_goods` [ RunTime:0.0312s ]
SQL: SELECT * FROM `zhekt_goods` WHERE ( recommend>0 ) LIMIT 6   [ RunTime:0.0000s ]

[ 2017-05-01T17:28:24+08:00 ] ::1 /discountinfo/index.php
INFO: [ app_init ] --START--
INFO: Run Behavior\BuildLiteBehavior [ RunTime:0.000000s ]
INFO: [ app_init ] --END-- [ RunTime:0.000000s ]
INFO: [ app_begin ] --START--
INFO: Run Behavior\ReadHtmlCacheBehavior [ RunTime:0.001000s ]
INFO: [ app_begin ] --END-- [ RunTime:0.001000s ]
SQL: SHOW COLUMNS FROM `zhekt_goods_type` [ RunTime:0.0110s ]
SQL: SELECT * FROM `zhekt_goods_type` WHERE ( parent_id=0 ) ORDER BY sort  [ RunTime:0.0000s ]
INFO: [ view_parse ] --START--
INFO: [ template_filter ] --START--
INFO: Run Behavior\ContentReplaceBehavior [ RunTime:0.000000s ]
INFO: [ template_filter ] --END-- [ RunTime:0.000000s ]
NOTIC: [8] Undefined index: town_name D:\www\discountInfo\Zhekoutong\Runtime\Cache\Home\5b71618298ba061d2a36637708953764.php 第 47 行.
NOTIC: [8] Undefined index: dist_name D:\www\discountInfo\Zhekoutong\Runtime\Cache\Home\5b71618298ba061d2a36637708953764.php 第 47 行.
NOTIC: [8] Undefined index: city_name D:\www\discountInfo\Zhekoutong\Runtime\Cache\Home\5b71618298ba061d2a36637708953764.php 第 47 行.
NOTIC: [8] Undefined index: prov_name D:\www\discountInfo\Zhekoutong\Runtime\Cache\Home\5b71618298ba061d2a36637708953764.php 第 47 行.
NOTIC: [8] Undefined index: member_id D:\www\discountInfo\Zhekoutong\Runtime\Cache\Home\5b71618298ba061d2a36637708953764.php 第 161 行.
INFO: Run Behavior\ParseTemplateBehavior [ RunTime:0.033002s ]
INFO: [ view_parse ] --END-- [ RunTime:0.033002s ]
INFO: [ view_filter ] --START--
INFO: Run Behavior\WriteHtmlCacheBehavior [ RunTime:0.000000s ]
INFO: [ view_filter ] --END-- [ RunTime:0.000000s ]
INFO: [ app_end ] --START--
INFO: Run Behavior\ShowPageTraceBehavior [ RunTime:0.001000s ]
INFO: [ app_end ] --END-- [ RunTime:0.001000s ]

[ 2017-05-01T17:28:34+08:00 ] ::1 /discountinfo/index.php/home/goods/index/brand/4
INFO: [ app_init ] --START--
INFO: Run Behavior\BuildLiteBehavior [ RunTime:0.000000s ]
INFO: [ app_init ] --END-- [ RunTime:0.000000s ]
INFO: [ app_begin ] --START--
INFO: Run Behavior\ReadHtmlCacheBehavior [ RunTime:0.001000s ]
INFO: [ app_begin ] --END-- [ RunTime:0.001000s ]
SQL: SHOW COLUMNS FROM `zhekt_goods` [ RunTime:0.0160s ]
NOTIC: [8] Undefined index: type D:\www\discountInfo\Zhekoutong\Home\Controller\GoodsController.class.php 第 10 行.
SQL: SELECT * FROM `zhekt_goods` WHERE ( brand='4' )  [ RunTime:0.0000s ]
INFO: [ view_parse ] --START--
INFO: [ template_filter ] --START--
INFO: Run Behavior\ContentReplaceBehavior [ RunTime:0.000000s ]
INFO: [ template_filter ] --END-- [ RunTime:0.000000s ]
NOTIC: [8] Undefined variable: message D:\www\discountInfo\Zhekoutong\Runtime\Cache\Home\fa7f08d5c2ac6b0613fb61d11247ebcf.php 第 39 行.
NOTIC: [8] Undefined variable: message D:\www\discountInfo\Zhekoutong\Runtime\Cache\Home\fa7f08d5c2ac6b0613fb61d11247ebcf.php 第 52 行.
INFO: Run Behavior\ParseTemplateBehavior [ RunTime:0.005000s ]
INFO: [ view_parse ] --END-- [ RunTime:0.005000s ]
INFO: [ view_filter ] --START--
INFO: Run Behavior\WriteHtmlCacheBehavior [ RunTime:0.001000s ]
INFO: [ view_filter ] --END-- [ RunTime:0.001000s ]

[ 2017-05-01T17:28:35+08:00 ] ::1 /discountinfo/index.php
INFO: [ app_init ] --START--
INFO: Run Behavior\BuildLiteBehavior [ RunTime:0.000000s ]
INFO: [ app_init ] --END-- [ RunTime:0.000000s ]
INFO: [ app_begin ] --START--
INFO: Run Behavior\ReadHtmlCacheBehavior [ RunTime:0.000000s ]
INFO: [ app_begin ] --END-- [ RunTime:0.000000s ]
SQL: SHOW COLUMNS FROM `zhekt_goods_type` [ RunTime:0.0150s ]
SQL: SELECT * FROM `zhekt_goods_type` WHERE ( parent_id=0 ) ORDER BY sort  [ RunTime:0.0000s ]
INFO: [ view_parse ] --START--
INFO: [ template_filter ] --START--
INFO: Run Behavior\ContentReplaceBehavior [ RunTime:0.000000s ]
INFO: [ template_filter ] --END-- [ RunTime:0.001000s ]
NOTIC: [8] Undefined index: town_name D:\www\discountInfo\Zhekoutong\Runtime\Cache\Home\5b71618298ba061d2a36637708953764.php 第 47 行.
NOTIC: [8] Undefined index: dist_name D:\www\discountInfo\Zhekoutong\Runtime\Cache\Home\5b71618298ba061d2a36637708953764.php 第 47 行.
NOTIC: [8] Undefined index: city_name D:\www\discountInfo\Zhekoutong\Runtime\Cache\Home\5b71618298ba061d2a36637708953764.php 第 47 行.
NOTIC: [8] Undefined index: prov_name D:\www\discountInfo\Zhekoutong\Runtime\Cache\Home\5b71618298ba061d2a36637708953764.php 第 47 行.
NOTIC: [8] Undefined index: member_id D:\www\discountInfo\Zhekoutong\Runtime\Cache\Home\5b71618298ba061d2a36637708953764.php 第 161 行.
INFO: Run Behavior\ParseTemplateBehavior [ RunTime:0.036002s ]
INFO: [ view_parse ] --END-- [ RunTime:0.036002s ]
INFO: [ view_filter ] --START--
INFO: Run Behavior\WriteHtmlCacheBehavior [ RunTime:0.000000s ]
INFO: [ view_filter ] --END-- [ RunTime:0.000000s ]
INFO: [ app_end ] --START--
INFO: Run Behavior\ShowPageTraceBehavior [ RunTime:0.000000s ]
INFO: [ app_end ] --END-- [ RunTime:0.000000s ]

[ 2017-05-01T17:28:36+08:00 ] ::1 /discountinfo/index.php/home/goods/get_recommend_brands
INFO: [ app_init ] --START--
INFO: Run Behavior\BuildLiteBehavior [ RunTime:0.000000s ]
INFO: [ app_init ] --END-- [ RunTime:0.001000s ]
INFO: [ app_begin ] --START--
INFO: Run Behavior\ReadHtmlCacheBehavior [ RunTime:0.001000s ]
INFO: [ app_begin ] --END-- [ RunTime:0.001000s ]
SQL: SHOW COLUMNS FROM `zhekt_goods_type` [ RunTime:0.0310s ]
SQL: SELECT `id` FROM `zhekt_goods_type` WHERE ( parent_id=0 ) ORDER BY sort LIMIT 4   [ RunTime:0.0000s ]
SQL: SHOW COLUMNS FROM `zhekt_brand` [ RunTime:0.0180s ]
SQL: select *from zhekt_brand where brand_type in(select id from zhekt_goods_type where parent_id=1) limit 6 [ RunTime:0.0000s ]
SQL: select *from zhekt_brand where brand_type in(select id from zhekt_goods_type where parent_id=3) limit 6 [ RunTime:0.0010s ]
SQL: select *from zhekt_brand where brand_type in(select id from zhekt_goods_type where parent_id=2) limit 6 [ RunTime:0.0000s ]
SQL: select *from zhekt_brand where brand_type in(select id from zhekt_goods_type where parent_id=4) limit 6 [ RunTime:0.0000s ]

[ 2017-05-01T17:28:36+08:00 ] ::1 /discountinfo/index.php/home/goods/get_recommend_goods
INFO: [ app_init ] --START--
INFO: Run Behavior\BuildLiteBehavior [ RunTime:0.000000s ]
INFO: [ app_init ] --END-- [ RunTime:0.001000s ]
INFO: [ app_begin ] --START--
INFO: Run Behavior\ReadHtmlCacheBehavior [ RunTime:0.001000s ]
INFO: [ app_begin ] --END-- [ RunTime:0.001000s ]
SQL: SHOW COLUMNS FROM `zhekt_goods` [ RunTime:0.0160s ]
SQL: SELECT * FROM `zhekt_goods` WHERE ( recommend>0 ) LIMIT 6   [ RunTime:0.0010s ]

[ 2017-05-01T17:28:36+08:00 ] ::1 /discountinfo/index.php
INFO: [ app_init ] --START--
INFO: Run Behavior\BuildLiteBehavior [ RunTime:0.000000s ]
INFO: [ app_init ] --END-- [ RunTime:0.000000s ]
INFO: [ app_begin ] --START--
INFO: Run Behavior\ReadHtmlCacheBehavior [ RunTime:0.001000s ]
INFO: [ app_begin ] --END-- [ RunTime:0.001000s ]
SQL: SHOW COLUMNS FROM `zhekt_goods_type` [ RunTime:0.0090s ]
SQL: SELECT * FROM `zhekt_goods_type` WHERE ( parent_id=0 ) ORDER BY sort  [ RunTime:0.0010s ]
INFO: [ view_parse ] --START--
INFO: [ template_filter ] --START--
INFO: Run Behavior\ContentReplaceBehavior [ RunTime:0.000000s ]
INFO: [ template_filter ] --END-- [ RunTime:0.000000s ]
NOTIC: [8] Undefined index: town_name D:\www\discountInfo\Zhekoutong\Runtime\Cache\Home\5b71618298ba061d2a36637708953764.php 第 47 行.
NOTIC: [8] Undefined index: dist_name D:\www\discountInfo\Zhekoutong\Runtime\Cache\Home\5b71618298ba061d2a36637708953764.php 第 47 行.
NOTIC: [8] Undefined index: city_name D:\www\discountInfo\Zhekoutong\Runtime\Cache\Home\5b71618298ba061d2a36637708953764.php 第 47 行.
NOTIC: [8] Undefined index: prov_name D:\www\discountInfo\Zhekoutong\Runtime\Cache\Home\5b71618298ba061d2a36637708953764.php 第 47 行.
NOTIC: [8] Undefined index: member_id D:\www\discountInfo\Zhekoutong\Runtime\Cache\Home\5b71618298ba061d2a36637708953764.php 第 161 行.
INFO: Run Behavior\ParseTemplateBehavior [ RunTime:0.033002s ]
INFO: [ view_parse ] --END-- [ RunTime:0.033002s ]
INFO: [ view_filter ] --START--
INFO: Run Behavior\WriteHtmlCacheBehavior [ RunTime:0.000000s ]
INFO: [ view_filter ] --END-- [ RunTime:0.000000s ]
INFO: [ app_end ] --START--
INFO: Run Behavior\ShowPageTraceBehavior [ RunTime:0.000000s ]
INFO: [ app_end ] --END-- [ RunTime:0.000000s ]

